mode: atomic
github.com/apache/dubbo-kubernetes/app/dubboctl/internal/docker/docker_client.go:49.112,56.22 5 4
github.com/apache/dubbo-kubernetes/app/dubboctl/internal/docker/docker_client.go:56.22,58.17 2 0
github.com/apache/dubbo-kubernetes/app/dubboctl/internal/docker/docker_client.go:58.17,60.4 1 0
github.com/apache/dubbo-kubernetes/app/dubboctl/internal/docker/docker_client.go:61.3,62.10 2 0
github.com/apache/dubbo-kubernetes/app/dubboctl/internal/docker/docker_client.go:63.19,64.28 1 0
github.com/apache/dubbo-kubernetes/app/dubboctl/internal/docker/docker_client.go:65.42,66.10 1 0
github.com/apache/dubbo-kubernetes/app/dubboctl/internal/docker/docker_client.go:70.2,70.22 1 4
github.com/apache/dubbo-kubernetes/app/dubboctl/internal/docker/docker_client.go:70.22,72.3 1 0
github.com/apache/dubbo-kubernetes/app/dubboctl/internal/docker/docker_client.go:74.2,82.22 7 4
github.com/apache/dubbo-kubernetes/app/dubboctl/internal/docker/docker_client.go:82.22,87.3 1 1
github.com/apache/dubbo-kubernetes/app/dubboctl/internal/docker/docker_client.go:89.2,89.40 1 4
github.com/apache/dubbo-kubernetes/app/dubboctl/internal/docker/docker_client.go:89.40,93.3 1 2
github.com/apache/dubbo-kubernetes/app/dubboctl/internal/docker/docker_client.go:95.2,95.12 1 4
github.com/apache/dubbo-kubernetes/app/dubboctl/internal/docker/docker_client.go:95.12,97.12 2 3
github.com/apache/dubbo-kubernetes/app/dubboctl/internal/docker/docker_client.go:97.12,98.56 1 1
github.com/apache/dubbo-kubernetes/app/dubboctl/internal/docker/docker_client.go:98.56,100.5 1 0
github.com/apache/dubbo-kubernetes/app/dubboctl/internal/docker/docker_client.go:102.3,103.9 2 3
github.com/apache/dubbo-kubernetes/app/dubboctl/internal/docker/docker_client.go:106.2,114.16 3 1
github.com/apache/dubbo-kubernetes/app/dubboctl/internal/docker/docker_client.go:114.16,116.3 1 0
github.com/apache/dubbo-kubernetes/app/dubboctl/internal/docker/docker_client.go:118.2,131.49 3 1
github.com/apache/dubbo-kubernetes/app/dubboctl/internal/docker/docker_client.go:131.49,134.20 1 1
github.com/apache/dubbo-kubernetes/app/dubboctl/internal/docker/docker_client.go:134.20,136.5 1 1
github.com/apache/dubbo-kubernetes/app/dubboctl/internal/docker/docker_client.go:140.2,140.46 1 1
github.com/apache/dubbo-kubernetes/app/dubboctl/internal/docker/docker_client.go:146.35,149.23 2 1
github.com/apache/dubbo-kubernetes/app/dubboctl/internal/docker/docker_client.go:149.23,151.3 1 1
github.com/apache/dubbo-kubernetes/app/dubboctl/internal/docker/docker_client.go:153.2,156.59 3 0
github.com/apache/dubbo-kubernetes/app/dubboctl/internal/docker/docker_client.go:156.59,158.3 1 0
github.com/apache/dubbo-kubernetes/app/dubboctl/internal/docker/docker_client.go:160.2,160.16 1 0
github.com/apache/dubbo-kubernetes/app/dubboctl/internal/docker/docker_client.go:160.16,161.49 1 0
github.com/apache/dubbo-kubernetes/app/dubboctl/internal/docker/docker_client.go:161.49,163.4 1 0
github.com/apache/dubbo-kubernetes/app/dubboctl/internal/docker/docker_client.go:166.2,167.26 2 0
github.com/apache/dubbo-kubernetes/app/dubboctl/internal/docker/docker_client.go:167.26,169.3 1 0
github.com/apache/dubbo-kubernetes/app/dubboctl/internal/docker/docker_client.go:172.2,173.16 2 0
github.com/apache/dubbo-kubernetes/app/dubboctl/internal/docker/docker_client.go:173.16,175.42 2 0
github.com/apache/dubbo-kubernetes/app/dubboctl/internal/docker/docker_client.go:175.42,176.50 1 0
github.com/apache/dubbo-kubernetes/app/dubboctl/internal/docker/docker_client.go:176.50,178.5 1 0
github.com/apache/dubbo-kubernetes/app/dubboctl/internal/docker/docker_client.go:183.2,185.37 3 0
github.com/apache/dubbo-kubernetes/app/dubboctl/internal/docker/docker_client.go:185.37,187.17 2 0
github.com/apache/dubbo-kubernetes/app/dubboctl/internal/docker/docker_client.go:187.17,188.52 1 0
github.com/apache/dubbo-kubernetes/app/dubboctl/internal/docker/docker_client.go:188.52,190.5 1 0
github.com/apache/dubbo-kubernetes/app/dubboctl/internal/docker/docker_client.go:194.2,207.3 3 0
github.com/apache/dubbo-kubernetes/app/dubboctl/internal/docker/docker_client.go:215.52,218.2 2 1
github.com/apache/dubbo-kubernetes/app/dubboctl/internal/docker/pusher.go:69.58,70.25 1 1
github.com/apache/dubbo-kubernetes/app/dubboctl/internal/docker/pusher.go:70.25,72.3 1 1
github.com/apache/dubbo-kubernetes/app/dubboctl/internal/docker/pusher.go:75.53,76.30 1 0
github.com/apache/dubbo-kubernetes/app/dubboctl/internal/docker/pusher.go:76.30,78.3 1 0
github.com/apache/dubbo-kubernetes/app/dubboctl/internal/docker/pusher.go:81.87,82.30 1 1
github.com/apache/dubbo-kubernetes/app/dubboctl/internal/docker/pusher.go:82.30,84.3 1 1
github.com/apache/dubbo-kubernetes/app/dubboctl/internal/docker/pusher.go:87.90,89.2 1 0
github.com/apache/dubbo-kubernetes/app/dubboctl/internal/docker/pusher.go:92.37,96.59 1 1
github.com/apache/dubbo-kubernetes/app/dubboctl/internal/docker/pusher.go:96.59,99.4 2 0
github.com/apache/dubbo-kubernetes/app/dubboctl/internal/docker/pusher.go:101.2,101.27 1 1
github.com/apache/dubbo-kubernetes/app/dubboctl/internal/docker/pusher.go:101.27,103.3 1 2
github.com/apache/dubbo-kubernetes/app/dubboctl/internal/docker/pusher.go:105.2,105.15 1 1
github.com/apache/dubbo-kubernetes/app/dubboctl/internal/docker/pusher.go:108.46,110.16 2 3
github.com/apache/dubbo-kubernetes/app/dubboctl/internal/docker/pusher.go:110.16,112.3 1 0
github.com/apache/dubbo-kubernetes/app/dubboctl/internal/docker/pusher.go:113.2,114.22 2 3
github.com/apache/dubbo-kubernetes/app/dubboctl/internal/docker/pusher.go:118.87,123.19 3 1
github.com/apache/dubbo-kubernetes/app/dubboctl/internal/docker/pusher.go:123.19,125.3 1 0
github.com/apache/dubbo-kubernetes/app/dubboctl/internal/docker/pusher.go:127.2,128.16 2 1
github.com/apache/dubbo-kubernetes/app/dubboctl/internal/docker/pusher.go:128.16,130.3 1 0
github.com/apache/dubbo-kubernetes/app/dubboctl/internal/docker/pusher.go:132.2,133.16 2 1
github.com/apache/dubbo-kubernetes/app/dubboctl/internal/docker/pusher.go:133.16,135.3 1 0
github.com/apache/dubbo-kubernetes/app/dubboctl/internal/docker/pusher.go:136.2,139.72 2 1
github.com/apache/dubbo-kubernetes/app/dubboctl/internal/docker/pusher.go:139.72,141.3 1 1
github.com/apache/dubbo-kubernetes/app/dubboctl/internal/docker/pusher.go:144.2,144.44 1 0
github.com/apache/dubbo-kubernetes/app/dubboctl/internal/docker/pusher.go:168.136,170.16 2 1
github.com/apache/dubbo-kubernetes/app/dubboctl/internal/docker/pusher.go:170.16,172.3 1 0
github.com/apache/dubbo-kubernetes/app/dubboctl/internal/docker/pusher.go:173.2,181.16 4 1
github.com/apache/dubbo-kubernetes/app/dubboctl/internal/docker/pusher.go:181.16,183.3 1 0
github.com/apache/dubbo-kubernetes/app/dubboctl/internal/docker/pusher.go:185.2,188.16 3 1
github.com/apache/dubbo-kubernetes/app/dubboctl/internal/docker/pusher.go:188.16,190.3 1 0
github.com/apache/dubbo-kubernetes/app/dubboctl/internal/docker/pusher.go:191.2,198.39 6 1
github.com/apache/dubbo-kubernetes/app/dubboctl/internal/docker/pusher.go:198.39,201.3 2 0
github.com/apache/dubbo-kubernetes/app/dubboctl/internal/docker/pusher.go:203.2,204.16 2 1
github.com/apache/dubbo-kubernetes/app/dubboctl/internal/docker/pusher.go:204.16,206.3 1 0
github.com/apache/dubbo-kubernetes/app/dubboctl/internal/docker/pusher.go:208.2,208.43 1 1
github.com/apache/dubbo-kubernetes/app/dubboctl/internal/docker/pusher.go:216.40,218.21 2 1
github.com/apache/dubbo-kubernetes/app/dubboctl/internal/docker/pusher.go:218.21,220.3 1 1
github.com/apache/dubbo-kubernetes/app/dubboctl/internal/docker/pusher.go:221.2,221.11 1 0
github.com/apache/dubbo-kubernetes/app/dubboctl/internal/docker/pusher.go:224.130,231.16 3 0
github.com/apache/dubbo-kubernetes/app/dubboctl/internal/docker/pusher.go:231.16,233.3 1 0
github.com/apache/dubbo-kubernetes/app/dubboctl/internal/docker/pusher.go:235.2,236.16 2 0
github.com/apache/dubbo-kubernetes/app/dubboctl/internal/docker/pusher.go:236.16,238.3 1 0
github.com/apache/dubbo-kubernetes/app/dubboctl/internal/docker/pusher.go:239.2,244.16 3 0
github.com/apache/dubbo-kubernetes/app/dubboctl/internal/docker/pusher.go:244.16,246.3 1 0
github.com/apache/dubbo-kubernetes/app/dubboctl/internal/docker/pusher.go:248.2,250.12 3 0
github.com/apache/dubbo-kubernetes/app/dubboctl/internal/docker/pusher.go:250.12,253.41 2 0
github.com/apache/dubbo-kubernetes/app/dubboctl/internal/docker/pusher.go:253.41,254.29 1 0
github.com/apache/dubbo-kubernetes/app/dubboctl/internal/docker/pusher.go:254.29,257.5 2 0
github.com/apache/dubbo-kubernetes/app/dubboctl/internal/docker/pusher.go:258.4,258.81 1 0
github.com/apache/dubbo-kubernetes/app/dubboctl/internal/docker/pusher.go:261.3,261.17 1 0
github.com/apache/dubbo-kubernetes/app/dubboctl/internal/docker/pusher.go:264.2,270.16 2 0
github.com/apache/dubbo-kubernetes/app/dubboctl/internal/docker/pusher.go:270.16,272.3 1 0
github.com/apache/dubbo-kubernetes/app/dubboctl/internal/docker/pusher.go:273.2,274.16 2 0
github.com/apache/dubbo-kubernetes/app/dubboctl/internal/docker/pusher.go:274.16,276.3 1 0
github.com/apache/dubbo-kubernetes/app/dubboctl/internal/docker/pusher.go:278.2,279.16 2 0
github.com/apache/dubbo-kubernetes/app/dubboctl/internal/docker/pusher.go:279.16,281.3 1 0
github.com/apache/dubbo-kubernetes/app/dubboctl/internal/docker/pusher.go:283.2,283.27 1 0
github.com/apache/dubbo-kubernetes/app/dubboctl/cmd/build.go:32.64,40.55 1 31
github.com/apache/dubbo-kubernetes/app/dubboctl/cmd/build.go:40.55,42.4 1 0
github.com/apache/dubbo-kubernetes/app/dubboctl/cmd/build.go:45.2,58.25 8 31
github.com/apache/dubbo-kubernetes/app/dubboctl/cmd/build.go:61.69,62.43 1 0
github.com/apache/dubbo-kubernetes/app/dubboctl/cmd/build.go:62.43,64.3 1 0
github.com/apache/dubbo-kubernetes/app/dubboctl/cmd/build.go:65.2,67.16 3 0
github.com/apache/dubbo-kubernetes/app/dubboctl/cmd/build.go:67.16,69.3 1 0
github.com/apache/dubbo-kubernetes/app/dubboctl/cmd/build.go:71.2,72.16 2 0
github.com/apache/dubbo-kubernetes/app/dubboctl/cmd/build.go:72.16,74.3 1 0
github.com/apache/dubbo-kubernetes/app/dubboctl/cmd/build.go:75.2,75.16 1 0
github.com/apache/dubbo-kubernetes/app/dubboctl/cmd/build.go:75.16,77.3 1 0
github.com/apache/dubbo-kubernetes/app/dubboctl/cmd/build.go:78.2,78.22 1 0
github.com/apache/dubbo-kubernetes/app/dubboctl/cmd/build.go:78.22,80.3 1 0
github.com/apache/dubbo-kubernetes/app/dubboctl/cmd/build.go:81.2,84.16 3 0
github.com/apache/dubbo-kubernetes/app/dubboctl/cmd/build.go:84.16,86.3 1 0
github.com/apache/dubbo-kubernetes/app/dubboctl/cmd/build.go:87.2,89.29 3 0
github.com/apache/dubbo-kubernetes/app/dubboctl/cmd/build.go:89.29,92.3 2 0
github.com/apache/dubbo-kubernetes/app/dubboctl/cmd/build.go:93.2,93.57 1 0
github.com/apache/dubbo-kubernetes/app/dubboctl/cmd/build.go:93.57,95.3 1 0
github.com/apache/dubbo-kubernetes/app/dubboctl/cmd/build.go:96.2,96.14 1 0
github.com/apache/dubbo-kubernetes/app/dubboctl/cmd/build.go:96.14,97.57 1 0
github.com/apache/dubbo-kubernetes/app/dubboctl/cmd/build.go:97.57,99.4 1 0
github.com/apache/dubbo-kubernetes/app/dubboctl/cmd/build.go:102.2,102.33 1 0
github.com/apache/dubbo-kubernetes/app/dubboctl/cmd/build.go:102.33,104.3 1 0
github.com/apache/dubbo-kubernetes/app/dubboctl/cmd/build.go:106.2,106.12 1 0
github.com/apache/dubbo-kubernetes/app/dubboctl/cmd/build.go:109.68,111.33 2 0
github.com/apache/dubbo-kubernetes/app/dubboctl/cmd/build.go:111.33,113.3 1 0
github.com/apache/dubbo-kubernetes/app/dubboctl/cmd/build.go:115.2,115.36 1 0
github.com/apache/dubbo-kubernetes/app/dubboctl/cmd/build.go:115.36,127.42 2 0
github.com/apache/dubbo-kubernetes/app/dubboctl/cmd/build.go:127.42,129.4 1 0
github.com/apache/dubbo-kubernetes/app/dubboctl/cmd/build.go:131.2,131.15 1 0
github.com/apache/dubbo-kubernetes/app/dubboctl/cmd/build.go:134.67,137.21 2 0
github.com/apache/dubbo-kubernetes/app/dubboctl/cmd/build.go:137.21,139.3 1 0
github.com/apache/dubbo-kubernetes/app/dubboctl/cmd/build.go:139.8,141.3 1 0
github.com/apache/dubbo-kubernetes/app/dubboctl/cmd/build.go:143.2,143.15 1 0
github.com/apache/dubbo-kubernetes/app/dubboctl/cmd/build.go:162.54,174.66 3 0
github.com/apache/dubbo-kubernetes/app/dubboctl/cmd/build.go:174.66,176.3 1 0
github.com/apache/dubbo-kubernetes/app/dubboctl/cmd/build.go:177.2,177.10 1 0
github.com/apache/dubbo-kubernetes/app/dubboctl/cmd/build.go:180.49,181.18 1 0
github.com/apache/dubbo-kubernetes/app/dubboctl/cmd/build.go:181.18,183.17 2 0
github.com/apache/dubbo-kubernetes/app/dubboctl/cmd/build.go:183.17,185.4 1 0
github.com/apache/dubbo-kubernetes/app/dubboctl/cmd/build.go:186.3,186.16 1 0
github.com/apache/dubbo-kubernetes/app/dubboctl/cmd/build.go:187.8,189.3 1 0
github.com/apache/dubbo-kubernetes/app/dubboctl/cmd/build.go:190.2,190.26 1 0
github.com/apache/dubbo-kubernetes/app/dubboctl/cmd/build.go:190.26,192.3 1 0
github.com/apache/dubbo-kubernetes/app/dubboctl/cmd/build.go:193.2,193.19 1 0
github.com/apache/dubbo-kubernetes/app/dubboctl/cmd/build.go:193.19,195.3 1 0
github.com/apache/dubbo-kubernetes/app/dubboctl/cmd/build.go:197.2,198.30 2 0
github.com/apache/dubbo-kubernetes/app/dubboctl/cmd/build.go:198.30,201.22 2 0
github.com/apache/dubbo-kubernetes/app/dubboctl/cmd/build.go:201.22,209.4 4 0
github.com/apache/dubbo-kubernetes/app/dubboctl/cmd/build.go:211.2,211.26 1 0
github.com/apache/dubbo-kubernetes/app/dubboctl/cmd/client.go:39.65,57.20 3 7
github.com/apache/dubbo-kubernetes/app/dubboctl/cmd/client.go:57.21,57.22 0 7
github.com/apache/dubbo-kubernetes/app/dubboctl/cmd/client.go:58.2,58.24 1 7
github.com/apache/dubbo-kubernetes/app/dubboctl/cmd/client.go:61.40,65.2 2 7
github.com/apache/dubbo-kubernetes/app/dubboctl/cmd/client.go:69.70,71.2 1 7
github.com/apache/dubbo-kubernetes/app/dubboctl/cmd/client.go:76.96,85.2 2 7
github.com/apache/dubbo-kubernetes/app/dubboctl/cmd/completion_util.go:27.157,29.16 2 0
github.com/apache/dubbo-kubernetes/app/dubboctl/cmd/completion_util.go:29.16,32.3 2 0
github.com/apache/dubbo-kubernetes/app/dubboctl/cmd/completion_util.go:33.2,33.35 1 0
github.com/apache/dubbo-kubernetes/app/dubboctl/cmd/completion_util.go:33.35,34.45 1 0
github.com/apache/dubbo-kubernetes/app/dubboctl/cmd/completion_util.go:34.45,36.4 1 0
github.com/apache/dubbo-kubernetes/app/dubboctl/cmd/completion_util.go:38.2,38.8 1 0
github.com/apache/dubbo-kubernetes/app/dubboctl/cmd/completion_util.go:41.158,45.16 3 0
github.com/apache/dubbo-kubernetes/app/dubboctl/cmd/completion_util.go:45.16,48.3 2 0
github.com/apache/dubbo-kubernetes/app/dubboctl/cmd/completion_util.go:49.2,49.16 1 0
github.com/apache/dubbo-kubernetes/app/dubboctl/cmd/completion_util.go:49.16,52.3 2 0
github.com/apache/dubbo-kubernetes/app/dubboctl/cmd/completion_util.go:54.2,55.16 2 0
github.com/apache/dubbo-kubernetes/app/dubboctl/cmd/completion_util.go:55.16,58.3 2 0
github.com/apache/dubbo-kubernetes/app/dubboctl/cmd/completion_util.go:60.2,61.30 2 0
github.com/apache/dubbo-kubernetes/app/dubboctl/cmd/completion_util.go:61.30,62.39 1 0
github.com/apache/dubbo-kubernetes/app/dubboctl/cmd/completion_util.go:62.39,64.4 1 0
github.com/apache/dubbo-kubernetes/app/dubboctl/cmd/completion_util.go:67.2,67.8 1 0
github.com/apache/dubbo-kubernetes/app/dubboctl/cmd/create.go:44.65,93.55 1 31
github.com/apache/dubbo-kubernetes/app/dubboctl/cmd/create.go:93.55,95.4 1 6
github.com/apache/dubbo-kubernetes/app/dubboctl/cmd/create.go:99.2,108.58 6 31
github.com/apache/dubbo-kubernetes/app/dubboctl/cmd/create.go:108.58,108.97 1 0
github.com/apache/dubbo-kubernetes/app/dubboctl/cmd/create.go:111.2,111.104 1 31
github.com/apache/dubbo-kubernetes/app/dubboctl/cmd/create.go:111.104,113.3 1 0
github.com/apache/dubbo-kubernetes/app/dubboctl/cmd/create.go:114.2,114.105 1 31
github.com/apache/dubbo-kubernetes/app/dubboctl/cmd/create.go:114.105,116.3 1 0
github.com/apache/dubbo-kubernetes/app/dubboctl/cmd/create.go:118.2,118.25 1 31
github.com/apache/dubbo-kubernetes/app/dubboctl/cmd/create.go:122.88,127.16 2 6
github.com/apache/dubbo-kubernetes/app/dubboctl/cmd/create.go:127.16,129.3 1 0
github.com/apache/dubbo-kubernetes/app/dubboctl/cmd/create.go:134.2,140.44 3 6
github.com/apache/dubbo-kubernetes/app/dubboctl/cmd/create.go:140.44,142.3 1 4
github.com/apache/dubbo-kubernetes/app/dubboctl/cmd/create.go:145.2,151.16 2 2
github.com/apache/dubbo-kubernetes/app/dubboctl/cmd/create.go:151.16,153.3 1 0
github.com/apache/dubbo-kubernetes/app/dubboctl/cmd/create.go:156.2,157.12 2 2
github.com/apache/dubbo-kubernetes/app/dubboctl/cmd/create.go:180.112,187.20 2 6
github.com/apache/dubbo-kubernetes/app/dubboctl/cmd/create.go:187.20,189.3 1 6
github.com/apache/dubbo-kubernetes/app/dubboctl/cmd/create.go:191.2,205.18 3 6
github.com/apache/dubbo-kubernetes/app/dubboctl/cmd/create.go:205.18,207.3 1 6
github.com/apache/dubbo-kubernetes/app/dubboctl/cmd/create.go:211.2,215.32 3 0
github.com/apache/dubbo-kubernetes/app/dubboctl/cmd/create.go:215.32,217.17 2 0
github.com/apache/dubbo-kubernetes/app/dubboctl/cmd/create.go:217.17,219.4 1 0
github.com/apache/dubbo-kubernetes/app/dubboctl/cmd/create.go:220.3,222.25 3 0
github.com/apache/dubbo-kubernetes/app/dubboctl/cmd/create.go:230.2,232.26 3 0
github.com/apache/dubbo-kubernetes/app/dubboctl/cmd/create.go:232.26,234.3 1 0
github.com/apache/dubbo-kubernetes/app/dubboctl/cmd/create.go:235.2,236.8 2 0
github.com/apache/dubbo-kubernetes/app/dubboctl/cmd/create.go:240.80,244.44 4 0
github.com/apache/dubbo-kubernetes/app/dubboctl/cmd/create.go:244.44,246.3 1 0
github.com/apache/dubbo-kubernetes/app/dubboctl/cmd/create.go:247.2,247.46 1 0
github.com/apache/dubbo-kubernetes/app/dubboctl/cmd/create.go:247.46,249.3 1 0
github.com/apache/dubbo-kubernetes/app/dubboctl/cmd/create.go:250.2,250.19 1 0
github.com/apache/dubbo-kubernetes/app/dubboctl/cmd/create.go:250.19,252.3 1 0
github.com/apache/dubbo-kubernetes/app/dubboctl/cmd/create.go:253.2,253.19 1 0
github.com/apache/dubbo-kubernetes/app/dubboctl/cmd/create.go:262.66,264.61 2 6
github.com/apache/dubbo-kubernetes/app/dubboctl/cmd/create.go:264.61,266.3 1 1
github.com/apache/dubbo-kubernetes/app/dubboctl/cmd/create.go:268.2,268.21 1 5
github.com/apache/dubbo-kubernetes/app/dubboctl/cmd/create.go:268.21,270.3 1 1
github.com/apache/dubbo-kubernetes/app/dubboctl/cmd/create.go:271.2,272.38 1 4
github.com/apache/dubbo-kubernetes/app/dubboctl/cmd/create.go:272.38,274.3 1 1
github.com/apache/dubbo-kubernetes/app/dubboctl/cmd/create.go:276.2,277.51 1 3
github.com/apache/dubbo-kubernetes/app/dubboctl/cmd/create.go:277.51,279.3 1 1
github.com/apache/dubbo-kubernetes/app/dubboctl/cmd/create.go:281.2,281.8 1 2
github.com/apache/dubbo-kubernetes/app/dubboctl/cmd/create.go:285.64,287.16 2 5
github.com/apache/dubbo-kubernetes/app/dubboctl/cmd/create.go:287.16,289.3 1 0
github.com/apache/dubbo-kubernetes/app/dubboctl/cmd/create.go:290.2,290.29 1 5
github.com/apache/dubbo-kubernetes/app/dubboctl/cmd/create.go:290.29,291.19 1 6
github.com/apache/dubbo-kubernetes/app/dubboctl/cmd/create.go:291.19,293.4 1 4
github.com/apache/dubbo-kubernetes/app/dubboctl/cmd/create.go:295.2,295.14 1 1
github.com/apache/dubbo-kubernetes/app/dubboctl/cmd/create.go:300.75,301.38 1 1
github.com/apache/dubbo-kubernetes/app/dubboctl/cmd/create.go:301.38,303.3 1 0
github.com/apache/dubbo-kubernetes/app/dubboctl/cmd/create.go:304.2,305.16 2 1
github.com/apache/dubbo-kubernetes/app/dubboctl/cmd/create.go:305.16,307.3 1 0
github.com/apache/dubbo-kubernetes/app/dubboctl/cmd/create.go:308.2,308.30 1 1
github.com/apache/dubbo-kubernetes/app/dubboctl/cmd/create.go:308.30,309.20 1 1
github.com/apache/dubbo-kubernetes/app/dubboctl/cmd/create.go:309.20,311.4 1 0
github.com/apache/dubbo-kubernetes/app/dubboctl/cmd/create.go:313.2,313.14 1 1
github.com/apache/dubbo-kubernetes/app/dubboctl/cmd/create.go:316.49,321.16 5 1
github.com/apache/dubbo-kubernetes/app/dubboctl/cmd/create.go:321.16,323.3 1 0
github.com/apache/dubbo-kubernetes/app/dubboctl/cmd/create.go:324.2,324.29 1 1
github.com/apache/dubbo-kubernetes/app/dubboctl/cmd/create.go:324.29,326.3 1 2
github.com/apache/dubbo-kubernetes/app/dubboctl/cmd/create.go:327.2,327.45 1 1
github.com/apache/dubbo-kubernetes/app/dubboctl/cmd/create.go:330.73,335.16 5 1
github.com/apache/dubbo-kubernetes/app/dubboctl/cmd/create.go:335.16,337.3 1 0
github.com/apache/dubbo-kubernetes/app/dubboctl/cmd/create.go:338.2,338.29 1 1
github.com/apache/dubbo-kubernetes/app/dubboctl/cmd/create.go:338.29,340.3 1 2
github.com/apache/dubbo-kubernetes/app/dubboctl/cmd/create.go:341.2,341.50 1 1
github.com/apache/dubbo-kubernetes/app/dubboctl/cmd/create.go:344.84,349.16 5 1
github.com/apache/dubbo-kubernetes/app/dubboctl/cmd/create.go:349.16,351.3 1 0
github.com/apache/dubbo-kubernetes/app/dubboctl/cmd/create.go:352.2,352.30 1 1
github.com/apache/dubbo-kubernetes/app/dubboctl/cmd/create.go:352.30,354.3 1 1
github.com/apache/dubbo-kubernetes/app/dubboctl/cmd/create.go:355.2,355.51 1 1
github.com/apache/dubbo-kubernetes/app/dubboctl/cmd/create.go:362.74,366.16 3 0
github.com/apache/dubbo-kubernetes/app/dubboctl/cmd/create.go:366.16,368.3 1 0
github.com/apache/dubbo-kubernetes/app/dubboctl/cmd/create.go:370.2,382.45 3 0
github.com/apache/dubbo-kubernetes/app/dubboctl/cmd/create.go:382.45,384.3 1 0
github.com/apache/dubbo-kubernetes/app/dubboctl/cmd/create.go:387.2,394.42 1 0
github.com/apache/dubbo-kubernetes/app/dubboctl/cmd/create.go:394.42,397.5 2 0
github.com/apache/dubbo-kubernetes/app/dubboctl/cmd/create.go:398.49,401.5 2 0
github.com/apache/dubbo-kubernetes/app/dubboctl/cmd/create.go:411.2,411.43 1 0
github.com/apache/dubbo-kubernetes/app/dubboctl/cmd/create.go:411.43,413.3 1 0
github.com/apache/dubbo-kubernetes/app/dubboctl/cmd/create.go:415.2,415.11 1 0
github.com/apache/dubbo-kubernetes/app/dubboctl/cmd/create.go:415.11,423.44 1 0
github.com/apache/dubbo-kubernetes/app/dubboctl/cmd/create.go:423.44,425.21 2 0
github.com/apache/dubbo-kubernetes/app/dubboctl/cmd/create.go:425.21,427.8 1 0
github.com/apache/dubbo-kubernetes/app/dubboctl/cmd/create.go:428.7,428.25 1 0
github.com/apache/dubbo-kubernetes/app/dubboctl/cmd/create.go:433.3,433.44 1 0
github.com/apache/dubbo-kubernetes/app/dubboctl/cmd/create.go:433.44,435.4 1 0
github.com/apache/dubbo-kubernetes/app/dubboctl/cmd/create.go:437.2,437.15 1 0
github.com/apache/dubbo-kubernetes/app/dubboctl/cmd/create.go:445.75,446.105 1 31
github.com/apache/dubbo-kubernetes/app/dubboctl/cmd/create.go:446.105,448.17 2 0
github.com/apache/dubbo-kubernetes/app/dubboctl/cmd/create.go:448.17,450.4 1 0
github.com/apache/dubbo-kubernetes/app/dubboctl/cmd/create.go:451.3,453.60 3 0
github.com/apache/dubbo-kubernetes/app/dubboctl/cmd/create.go:457.76,458.105 1 31
github.com/apache/dubbo-kubernetes/app/dubboctl/cmd/create.go:458.105,460.17 2 0
github.com/apache/dubbo-kubernetes/app/dubboctl/cmd/create.go:460.17,462.4 1 0
github.com/apache/dubbo-kubernetes/app/dubboctl/cmd/create.go:463.3,465.61 3 0
github.com/apache/dubbo-kubernetes/app/dubboctl/cmd/create.go:471.90,476.16 2 0
github.com/apache/dubbo-kubernetes/app/dubboctl/cmd/create.go:476.16,478.3 1 0
github.com/apache/dubbo-kubernetes/app/dubboctl/cmd/create.go:479.2,479.37 1 0
github.com/apache/dubbo-kubernetes/app/dubboctl/cmd/create.go:479.37,480.42 1 0
github.com/apache/dubbo-kubernetes/app/dubboctl/cmd/create.go:480.42,482.4 1 0
github.com/apache/dubbo-kubernetes/app/dubboctl/cmd/create.go:484.2,484.25 1 0
github.com/apache/dubbo-kubernetes/app/dubboctl/cmd/create.go:489.80,490.30 1 0
github.com/apache/dubbo-kubernetes/app/dubboctl/cmd/create.go:490.30,491.17 1 0
github.com/apache/dubbo-kubernetes/app/dubboctl/cmd/create.go:491.17,493.4 1 0
github.com/apache/dubbo-kubernetes/app/dubboctl/cmd/create.go:496.2,516.61 9 0
github.com/apache/dubbo-kubernetes/app/dubboctl/cmd/create.go:516.61,518.3 1 0
github.com/apache/dubbo-kubernetes/app/dubboctl/cmd/create.go:522.61,526.52 3 0
github.com/apache/dubbo-kubernetes/app/dubboctl/cmd/create.go:526.52,529.4 2 0
github.com/apache/dubbo-kubernetes/app/dubboctl/cmd/create.go:531.2,532.37 2 0
github.com/apache/dubbo-kubernetes/app/dubboctl/cmd/create.go:538.67,540.16 2 0
github.com/apache/dubbo-kubernetes/app/dubboctl/cmd/create.go:540.16,542.3 1 0
github.com/apache/dubbo-kubernetes/app/dubboctl/cmd/create.go:543.2,548.29 5 0
github.com/apache/dubbo-kubernetes/app/dubboctl/cmd/create.go:548.29,552.63 2 0
github.com/apache/dubbo-kubernetes/app/dubboctl/cmd/create.go:552.63,554.4 1 0
github.com/apache/dubbo-kubernetes/app/dubboctl/cmd/create.go:555.3,555.31 1 0
github.com/apache/dubbo-kubernetes/app/dubboctl/cmd/create.go:555.31,557.4 1 0
github.com/apache/dubbo-kubernetes/app/dubboctl/cmd/create.go:559.2,560.30 2 0
github.com/apache/dubbo-kubernetes/app/dubboctl/cmd/dashboard.go:22.43,36.2 8 31
github.com/apache/dubbo-kubernetes/app/dubboctl/cmd/dashboard_all_cmds.go:72.46,73.16 1 0
github.com/apache/dubbo-kubernetes/app/dubboctl/cmd/dashboard_all_cmds.go:73.16,75.3 1 0
github.com/apache/dubbo-kubernetes/app/dubboctl/cmd/dashboard_all_cmds.go:76.2,76.20 1 0
github.com/apache/dubbo-kubernetes/app/dubboctl/cmd/dashboard_all_cmds.go:76.20,78.3 1 0
github.com/apache/dubbo-kubernetes/app/dubboctl/cmd/dashboard_all_cmds.go:79.2,79.25 1 0
github.com/apache/dubbo-kubernetes/app/dubboctl/cmd/dashboard_all_cmds.go:79.25,81.3 1 0
github.com/apache/dubbo-kubernetes/app/dubboctl/cmd/dashboard_all_cmds.go:84.78,100.55 4 186
github.com/apache/dubbo-kubernetes/app/dubboctl/cmd/dashboard_all_cmds.go:100.55,103.75 3 0
github.com/apache/dubbo-kubernetes/app/dubboctl/cmd/dashboard_all_cmds.go:103.75,105.5 1 0
github.com/apache/dubbo-kubernetes/app/dubboctl/cmd/dashboard_all_cmds.go:106.4,106.14 1 0
github.com/apache/dubbo-kubernetes/app/dubboctl/cmd/dashboard_all_cmds.go:109.2,123.25 7 186
github.com/apache/dubbo-kubernetes/app/dubboctl/cmd/dashboard_all_cmds.go:126.54,128.2 1 31
github.com/apache/dubbo-kubernetes/app/dubboctl/cmd/dashboard_all_cmds.go:130.56,132.2 1 31
github.com/apache/dubbo-kubernetes/app/dubboctl/cmd/dashboard_all_cmds.go:134.54,136.2 1 31
github.com/apache/dubbo-kubernetes/app/dubboctl/cmd/dashboard_all_cmds.go:138.59,140.2 1 31
github.com/apache/dubbo-kubernetes/app/dubboctl/cmd/dashboard_all_cmds.go:142.59,144.2 1 31
github.com/apache/dubbo-kubernetes/app/dubboctl/cmd/dashboard_all_cmds.go:146.55,148.2 1 31
github.com/apache/dubbo-kubernetes/app/dubboctl/cmd/dashboard_all_cmds.go:150.98,154.20 3 0
github.com/apache/dubbo-kubernetes/app/dubboctl/cmd/dashboard_all_cmds.go:154.20,156.3 1 0
github.com/apache/dubbo-kubernetes/app/dubboctl/cmd/dashboard_all_cmds.go:159.2,161.16 3 0
github.com/apache/dubbo-kubernetes/app/dubboctl/cmd/dashboard_all_cmds.go:161.16,163.3 1 0
github.com/apache/dubbo-kubernetes/app/dubboctl/cmd/dashboard_all_cmds.go:165.2,166.16 2 0
github.com/apache/dubbo-kubernetes/app/dubboctl/cmd/dashboard_all_cmds.go:166.16,168.3 1 0
github.com/apache/dubbo-kubernetes/app/dubboctl/cmd/dashboard_all_cmds.go:169.2,172.16 2 0
github.com/apache/dubbo-kubernetes/app/dubboctl/cmd/dashboard_all_cmds.go:172.16,174.3 1 0
github.com/apache/dubbo-kubernetes/app/dubboctl/cmd/dashboard_all_cmds.go:175.2,175.25 1 0
github.com/apache/dubbo-kubernetes/app/dubboctl/cmd/dashboard_all_cmds.go:175.25,177.3 1 0
github.com/apache/dubbo-kubernetes/app/dubboctl/cmd/dashboard_all_cmds.go:179.2,182.16 3 0
github.com/apache/dubbo-kubernetes/app/dubboctl/cmd/dashboard_all_cmds.go:182.16,184.3 1 0
github.com/apache/dubbo-kubernetes/app/dubboctl/cmd/dashboard_all_cmds.go:185.2,185.33 1 0
github.com/apache/dubbo-kubernetes/app/dubboctl/cmd/dashboard_all_cmds.go:185.33,188.3 2 0
github.com/apache/dubbo-kubernetes/app/dubboctl/cmd/dashboard_all_cmds.go:190.2,193.12 2 0
github.com/apache/dubbo-kubernetes/app/dubboctl/cmd/dashboard_all_cmds.go:193.12,200.3 6 0
github.com/apache/dubbo-kubernetes/app/dubboctl/cmd/dashboard_all_cmds.go:202.2,202.22 1 0
github.com/apache/dubbo-kubernetes/app/dubboctl/cmd/dashboard_all_cmds.go:202.22,206.3 3 0
github.com/apache/dubbo-kubernetes/app/dubboctl/cmd/dashboard_all_cmds.go:208.2,210.12 2 0
github.com/apache/dubbo-kubernetes/app/dubboctl/cmd/dashboard_all_cmds.go:214.48,219.22 3 0
github.com/apache/dubbo-kubernetes/app/dubboctl/cmd/dashboard_all_cmds.go:220.15,221.46 1 0
github.com/apache/dubbo-kubernetes/app/dubboctl/cmd/dashboard_all_cmds.go:222.17,223.77 1 0
github.com/apache/dubbo-kubernetes/app/dubboctl/cmd/dashboard_all_cmds.go:224.16,225.42 1 0
github.com/apache/dubbo-kubernetes/app/dubboctl/cmd/dashboard_all_cmds.go:226.10,227.100 1 0
github.com/apache/dubbo-kubernetes/app/dubboctl/cmd/dashboard_all_cmds.go:230.2,230.16 1 0
github.com/apache/dubbo-kubernetes/app/dubboctl/cmd/dashboard_all_cmds.go:230.16,232.3 1 0
github.com/apache/dubbo-kubernetes/app/dubboctl/cmd/deploy.go:43.65,58.55 1 31
github.com/apache/dubbo-kubernetes/app/dubboctl/cmd/deploy.go:58.55,60.4 1 0
github.com/apache/dubbo-kubernetes/app/dubboctl/cmd/deploy.go:62.2,101.25 19 31
github.com/apache/dubbo-kubernetes/app/dubboctl/cmd/deploy.go:104.67,105.43 1 0
github.com/apache/dubbo-kubernetes/app/dubboctl/cmd/deploy.go:105.43,107.3 1 0
github.com/apache/dubbo-kubernetes/app/dubboctl/cmd/deploy.go:108.2,110.16 3 0
github.com/apache/dubbo-kubernetes/app/dubboctl/cmd/deploy.go:110.16,112.3 1 0
github.com/apache/dubbo-kubernetes/app/dubboctl/cmd/deploy.go:113.2,114.16 2 0
github.com/apache/dubbo-kubernetes/app/dubboctl/cmd/deploy.go:114.16,116.3 1 0
github.com/apache/dubbo-kubernetes/app/dubboctl/cmd/deploy.go:117.2,117.42 1 0
github.com/apache/dubbo-kubernetes/app/dubboctl/cmd/deploy.go:117.42,119.3 1 0
github.com/apache/dubbo-kubernetes/app/dubboctl/cmd/deploy.go:120.2,120.16 1 0
github.com/apache/dubbo-kubernetes/app/dubboctl/cmd/deploy.go:120.16,122.3 1 0
github.com/apache/dubbo-kubernetes/app/dubboctl/cmd/deploy.go:124.2,124.22 1 0
github.com/apache/dubbo-kubernetes/app/dubboctl/cmd/deploy.go:124.22,126.3 1 0
github.com/apache/dubbo-kubernetes/app/dubboctl/cmd/deploy.go:128.2,131.16 3 0
github.com/apache/dubbo-kubernetes/app/dubboctl/cmd/deploy.go:131.16,133.3 1 0
github.com/apache/dubbo-kubernetes/app/dubboctl/cmd/deploy.go:134.2,139.16 5 0
github.com/apache/dubbo-kubernetes/app/dubboctl/cmd/deploy.go:139.16,141.27 2 0
github.com/apache/dubbo-kubernetes/app/dubboctl/cmd/deploy.go:141.27,142.45 1 0
github.com/apache/dubbo-kubernetes/app/dubboctl/cmd/deploy.go:142.45,144.5 1 0
github.com/apache/dubbo-kubernetes/app/dubboctl/cmd/deploy.go:146.3,147.17 2 0
github.com/apache/dubbo-kubernetes/app/dubboctl/cmd/deploy.go:147.17,149.4 1 0
github.com/apache/dubbo-kubernetes/app/dubboctl/cmd/deploy.go:152.2,152.13 1 0
github.com/apache/dubbo-kubernetes/app/dubboctl/cmd/deploy.go:152.13,154.17 2 0
github.com/apache/dubbo-kubernetes/app/dubboctl/cmd/deploy.go:154.17,156.4 1 0
github.com/apache/dubbo-kubernetes/app/dubboctl/cmd/deploy.go:160.2,161.16 2 0
github.com/apache/dubbo-kubernetes/app/dubboctl/cmd/deploy.go:161.16,163.3 1 0
github.com/apache/dubbo-kubernetes/app/dubboctl/cmd/deploy.go:165.2,165.15 1 0
github.com/apache/dubbo-kubernetes/app/dubboctl/cmd/deploy.go:165.15,166.30 1 0
github.com/apache/dubbo-kubernetes/app/dubboctl/cmd/deploy.go:166.30,169.4 2 0
github.com/apache/dubbo-kubernetes/app/dubboctl/cmd/deploy.go:170.3,170.58 1 0
github.com/apache/dubbo-kubernetes/app/dubboctl/cmd/deploy.go:170.58,172.4 1 0
github.com/apache/dubbo-kubernetes/app/dubboctl/cmd/deploy.go:173.3,173.15 1 0
github.com/apache/dubbo-kubernetes/app/dubboctl/cmd/deploy.go:173.15,174.58 1 0
github.com/apache/dubbo-kubernetes/app/dubboctl/cmd/deploy.go:174.58,176.5 1 0
github.com/apache/dubbo-kubernetes/app/dubboctl/cmd/deploy.go:180.2,180.15 1 0
github.com/apache/dubbo-kubernetes/app/dubboctl/cmd/deploy.go:180.15,182.17 2 0
github.com/apache/dubbo-kubernetes/app/dubboctl/cmd/deploy.go:182.17,184.4 1 0
github.com/apache/dubbo-kubernetes/app/dubboctl/cmd/deploy.go:187.2,187.33 1 0
github.com/apache/dubbo-kubernetes/app/dubboctl/cmd/deploy.go:187.33,189.3 1 0
github.com/apache/dubbo-kubernetes/app/dubboctl/cmd/deploy.go:191.2,191.12 1 0
github.com/apache/dubbo-kubernetes/app/dubboctl/cmd/deploy.go:194.69,196.16 2 0
github.com/apache/dubbo-kubernetes/app/dubboctl/cmd/deploy.go:196.16,198.3 1 0
github.com/apache/dubbo-kubernetes/app/dubboctl/cmd/deploy.go:199.2,205.16 4 0
github.com/apache/dubbo-kubernetes/app/dubboctl/cmd/deploy.go:205.16,207.3 1 0
github.com/apache/dubbo-kubernetes/app/dubboctl/cmd/deploy.go:208.2,209.15 2 0
github.com/apache/dubbo-kubernetes/app/dubboctl/cmd/deploy.go:212.59,219.2 6 0
github.com/apache/dubbo-kubernetes/app/dubboctl/cmd/deploy.go:221.64,223.68 2 0
github.com/apache/dubbo-kubernetes/app/dubboctl/cmd/deploy.go:223.68,225.3 1 0
github.com/apache/dubbo-kubernetes/app/dubboctl/cmd/deploy.go:226.2,226.12 1 0
github.com/apache/dubbo-kubernetes/app/dubboctl/cmd/deploy.go:229.70,231.33 2 0
github.com/apache/dubbo-kubernetes/app/dubboctl/cmd/deploy.go:231.33,233.3 1 0
github.com/apache/dubbo-kubernetes/app/dubboctl/cmd/deploy.go:234.2,235.16 2 0
github.com/apache/dubbo-kubernetes/app/dubboctl/cmd/deploy.go:235.16,237.3 1 0
github.com/apache/dubbo-kubernetes/app/dubboctl/cmd/deploy.go:238.2,240.57 2 0
github.com/apache/dubbo-kubernetes/app/dubboctl/cmd/deploy.go:240.57,250.42 2 0
github.com/apache/dubbo-kubernetes/app/dubboctl/cmd/deploy.go:250.42,252.4 1 0
github.com/apache/dubbo-kubernetes/app/dubboctl/cmd/deploy.go:254.2,254.15 1 0
github.com/apache/dubbo-kubernetes/app/dubboctl/cmd/deploy.go:257.49,259.23 2 0
github.com/apache/dubbo-kubernetes/app/dubboctl/cmd/deploy.go:259.23,261.3 1 0
github.com/apache/dubbo-kubernetes/app/dubboctl/cmd/deploy.go:262.2,262.20 1 0
github.com/apache/dubbo-kubernetes/app/dubboctl/cmd/deploy.go:262.20,264.3 1 0
github.com/apache/dubbo-kubernetes/app/dubboctl/cmd/deploy.go:265.2,265.26 1 0
github.com/apache/dubbo-kubernetes/app/dubboctl/cmd/deploy.go:265.26,267.3 1 0
github.com/apache/dubbo-kubernetes/app/dubboctl/cmd/deploy.go:268.2,268.23 1 0
github.com/apache/dubbo-kubernetes/app/dubboctl/cmd/deploy.go:268.23,270.3 1 0
github.com/apache/dubbo-kubernetes/app/dubboctl/cmd/deploy.go:271.2,271.21 1 0
github.com/apache/dubbo-kubernetes/app/dubboctl/cmd/deploy.go:271.21,273.3 1 0
github.com/apache/dubbo-kubernetes/app/dubboctl/cmd/deploy.go:290.60,305.2 2 0
github.com/apache/dubbo-kubernetes/app/dubboctl/cmd/manifest.go:22.42,33.2 6 31
github.com/apache/dubbo-kubernetes/app/dubboctl/cmd/manifest_diff.go:36.52,46.55 2 31
github.com/apache/dubbo-kubernetes/app/dubboctl/cmd/manifest_diff.go:46.55,47.22 1 1
github.com/apache/dubbo-kubernetes/app/dubboctl/cmd/manifest_diff.go:47.22,49.5 1 0
github.com/apache/dubbo-kubernetes/app/dubboctl/cmd/manifest_diff.go:50.4,50.14 1 1
github.com/apache/dubbo-kubernetes/app/dubboctl/cmd/manifest_diff.go:52.55,54.48 2 1
github.com/apache/dubbo-kubernetes/app/dubboctl/cmd/manifest_diff.go:54.48,56.5 1 0
github.com/apache/dubbo-kubernetes/app/dubboctl/cmd/manifest_diff.go:57.4,57.14 1 1
github.com/apache/dubbo-kubernetes/app/dubboctl/cmd/manifest_diff.go:60.2,63.27 2 31
github.com/apache/dubbo-kubernetes/app/dubboctl/cmd/manifest_diff.go:66.61,69.23 3 1
github.com/apache/dubbo-kubernetes/app/dubboctl/cmd/manifest_diff.go:69.23,71.3 1 1
github.com/apache/dubbo-kubernetes/app/dubboctl/cmd/manifest_diff.go:71.8,73.3 1 0
github.com/apache/dubbo-kubernetes/app/dubboctl/cmd/manifest_diff.go:74.2,74.16 1 1
github.com/apache/dubbo-kubernetes/app/dubboctl/cmd/manifest_diff.go:74.16,76.3 1 0
github.com/apache/dubbo-kubernetes/app/dubboctl/cmd/manifest_diff.go:77.2,78.12 2 1
github.com/apache/dubbo-kubernetes/app/dubboctl/cmd/manifest_diff.go:81.53,83.16 2 1
github.com/apache/dubbo-kubernetes/app/dubboctl/cmd/manifest_diff.go:83.16,85.3 1 0
github.com/apache/dubbo-kubernetes/app/dubboctl/cmd/manifest_diff.go:86.2,87.16 2 1
github.com/apache/dubbo-kubernetes/app/dubboctl/cmd/manifest_diff.go:87.16,89.3 1 0
github.com/apache/dubbo-kubernetes/app/dubboctl/cmd/manifest_diff.go:90.2,90.86 1 1
github.com/apache/dubbo-kubernetes/app/dubboctl/cmd/manifest_diff.go:90.86,92.30 2 2
github.com/apache/dubbo-kubernetes/app/dubboctl/cmd/manifest_diff.go:92.30,93.20 1 3
github.com/apache/dubbo-kubernetes/app/dubboctl/cmd/manifest_diff.go:93.20,95.5 1 0
github.com/apache/dubbo-kubernetes/app/dubboctl/cmd/manifest_diff.go:96.4,96.33 1 3
github.com/apache/dubbo-kubernetes/app/dubboctl/cmd/manifest_diff.go:98.3,98.18 1 2
github.com/apache/dubbo-kubernetes/app/dubboctl/cmd/manifest_diff.go:100.2,101.16 2 1
github.com/apache/dubbo-kubernetes/app/dubboctl/cmd/manifest_diff.go:101.16,103.3 1 0
github.com/apache/dubbo-kubernetes/app/dubboctl/cmd/manifest_diff.go:104.2,105.16 2 1
github.com/apache/dubbo-kubernetes/app/dubboctl/cmd/manifest_diff.go:105.16,107.3 1 0
github.com/apache/dubbo-kubernetes/app/dubboctl/cmd/manifest_diff.go:108.2,111.25 4 1
github.com/apache/dubbo-kubernetes/app/dubboctl/cmd/manifest_diff.go:111.25,112.30 1 2
github.com/apache/dubbo-kubernetes/app/dubboctl/cmd/manifest_diff.go:112.30,116.18 4 1
github.com/apache/dubbo-kubernetes/app/dubboctl/cmd/manifest_diff.go:116.18,118.13 2 0
github.com/apache/dubbo-kubernetes/app/dubboctl/cmd/manifest_diff.go:120.4,120.17 1 1
github.com/apache/dubbo-kubernetes/app/dubboctl/cmd/manifest_diff.go:120.17,123.5 2 0
github.com/apache/dubbo-kubernetes/app/dubboctl/cmd/manifest_diff.go:124.9,126.4 1 1
github.com/apache/dubbo-kubernetes/app/dubboctl/cmd/manifest_diff.go:128.2,128.25 1 1
github.com/apache/dubbo-kubernetes/app/dubboctl/cmd/manifest_diff.go:128.25,129.31 1 1
github.com/apache/dubbo-kubernetes/app/dubboctl/cmd/manifest_diff.go:129.31,131.4 1 0
github.com/apache/dubbo-kubernetes/app/dubboctl/cmd/manifest_diff.go:133.2,134.18 2 1
github.com/apache/dubbo-kubernetes/app/dubboctl/cmd/manifest_diff.go:134.18,136.3 1 0
github.com/apache/dubbo-kubernetes/app/dubboctl/cmd/manifest_diff.go:137.2,138.18 2 1
github.com/apache/dubbo-kubernetes/app/dubboctl/cmd/manifest_diff.go:138.18,140.3 1 1
github.com/apache/dubbo-kubernetes/app/dubboctl/cmd/manifest_diff.go:141.2,142.19 2 1
github.com/apache/dubbo-kubernetes/app/dubboctl/cmd/manifest_diff.go:142.19,144.3 1 0
github.com/apache/dubbo-kubernetes/app/dubboctl/cmd/manifest_diff.go:146.2,147.51 2 1
github.com/apache/dubbo-kubernetes/app/dubboctl/cmd/manifest_diff.go:147.51,149.3 1 0
github.com/apache/dubbo-kubernetes/app/dubboctl/cmd/manifest_diff.go:149.8,151.3 1 1
github.com/apache/dubbo-kubernetes/app/dubboctl/cmd/manifest_diff.go:153.2,153.19 1 1
github.com/apache/dubbo-kubernetes/app/dubboctl/cmd/manifest_diff.go:156.56,158.16 2 1
github.com/apache/dubbo-kubernetes/app/dubboctl/cmd/manifest_diff.go:158.16,160.3 1 0
github.com/apache/dubbo-kubernetes/app/dubboctl/cmd/manifest_diff.go:161.2,162.16 2 1
github.com/apache/dubbo-kubernetes/app/dubboctl/cmd/manifest_diff.go:162.16,164.3 1 0
github.com/apache/dubbo-kubernetes/app/dubboctl/cmd/manifest_diff.go:165.2,166.16 2 1
github.com/apache/dubbo-kubernetes/app/dubboctl/cmd/manifest_diff.go:166.16,168.3 1 0
github.com/apache/dubbo-kubernetes/app/dubboctl/cmd/manifest_diff.go:169.2,170.16 2 1
github.com/apache/dubbo-kubernetes/app/dubboctl/cmd/manifest_diff.go:170.16,172.3 1 0
github.com/apache/dubbo-kubernetes/app/dubboctl/cmd/manifest_diff.go:173.2,175.39 2 1
github.com/apache/dubbo-kubernetes/app/dubboctl/cmd/manifest_generate.go:50.47,51.16 1 14
github.com/apache/dubbo-kubernetes/app/dubboctl/cmd/manifest_generate.go:51.16,53.3 1 0
github.com/apache/dubbo-kubernetes/app/dubboctl/cmd/manifest_generate.go:54.2,54.28 1 14
github.com/apache/dubbo-kubernetes/app/dubboctl/cmd/manifest_generate.go:54.28,56.3 1 14
github.com/apache/dubbo-kubernetes/app/dubboctl/cmd/manifest_generate.go:57.2,57.26 1 14
github.com/apache/dubbo-kubernetes/app/dubboctl/cmd/manifest_generate.go:57.26,59.3 1 14
github.com/apache/dubbo-kubernetes/app/dubboctl/cmd/manifest_generate.go:62.56,88.55 2 31
github.com/apache/dubbo-kubernetes/app/dubboctl/cmd/manifest_generate.go:88.55,92.18 4 11
github.com/apache/dubbo-kubernetes/app/dubboctl/cmd/manifest_generate.go:92.18,94.5 1 0
github.com/apache/dubbo-kubernetes/app/dubboctl/cmd/manifest_generate.go:95.4,95.57 1 11
github.com/apache/dubbo-kubernetes/app/dubboctl/cmd/manifest_generate.go:95.57,97.5 1 0
github.com/apache/dubbo-kubernetes/app/dubboctl/cmd/manifest_generate.go:98.4,98.14 1 11
github.com/apache/dubbo-kubernetes/app/dubboctl/cmd/manifest_generate.go:101.2,103.27 2 31
github.com/apache/dubbo-kubernetes/app/dubboctl/cmd/manifest_generate.go:106.79,117.2 5 93
github.com/apache/dubbo-kubernetes/app/dubboctl/cmd/manifest_generate.go:138.90,140.16 2 14
github.com/apache/dubbo-kubernetes/app/dubboctl/cmd/manifest_generate.go:140.16,142.3 1 0
github.com/apache/dubbo-kubernetes/app/dubboctl/cmd/manifest_generate.go:143.2,144.16 2 14
github.com/apache/dubbo-kubernetes/app/dubboctl/cmd/manifest_generate.go:144.16,146.3 1 0
github.com/apache/dubbo-kubernetes/app/dubboctl/cmd/manifest_generate.go:147.2,148.16 2 14
github.com/apache/dubbo-kubernetes/app/dubboctl/cmd/manifest_generate.go:148.16,150.3 1 0
github.com/apache/dubbo-kubernetes/app/dubboctl/cmd/manifest_generate.go:151.2,152.16 2 14
github.com/apache/dubbo-kubernetes/app/dubboctl/cmd/manifest_generate.go:152.16,154.3 1 0
github.com/apache/dubbo-kubernetes/app/dubboctl/cmd/manifest_generate.go:155.2,156.63 2 14
github.com/apache/dubbo-kubernetes/app/dubboctl/cmd/manifest_generate.go:156.63,158.3 1 0
github.com/apache/dubbo-kubernetes/app/dubboctl/cmd/manifest_generate.go:160.2,160.32 1 14
github.com/apache/dubbo-kubernetes/app/dubboctl/cmd/manifest_generate.go:160.32,162.3 1 10
github.com/apache/dubbo-kubernetes/app/dubboctl/cmd/manifest_generate.go:163.2,165.28 3 14
github.com/apache/dubbo-kubernetes/app/dubboctl/cmd/manifest_generate.go:168.87,170.16 2 11
github.com/apache/dubbo-kubernetes/app/dubboctl/cmd/manifest_generate.go:170.16,172.3 1 0
github.com/apache/dubbo-kubernetes/app/dubboctl/cmd/manifest_generate.go:173.2,173.33 1 11
github.com/apache/dubbo-kubernetes/app/dubboctl/cmd/manifest_generate.go:173.33,175.3 1 0
github.com/apache/dubbo-kubernetes/app/dubboctl/cmd/manifest_generate.go:176.2,177.16 2 11
github.com/apache/dubbo-kubernetes/app/dubboctl/cmd/manifest_generate.go:177.16,179.3 1 0
github.com/apache/dubbo-kubernetes/app/dubboctl/cmd/manifest_generate.go:180.2,180.29 1 11
github.com/apache/dubbo-kubernetes/app/dubboctl/cmd/manifest_generate.go:180.29,183.17 2 8
github.com/apache/dubbo-kubernetes/app/dubboctl/cmd/manifest_generate.go:183.17,185.4 1 0
github.com/apache/dubbo-kubernetes/app/dubboctl/cmd/manifest_generate.go:186.3,186.31 1 8
github.com/apache/dubbo-kubernetes/app/dubboctl/cmd/manifest_generate.go:187.8,188.72 1 3
github.com/apache/dubbo-kubernetes/app/dubboctl/cmd/manifest_generate.go:188.72,190.4 1 0
github.com/apache/dubbo-kubernetes/app/dubboctl/cmd/manifest_generate.go:192.2,192.12 1 11
github.com/apache/dubbo-kubernetes/app/dubboctl/cmd/manifest_generate.go:195.79,198.32 3 8
github.com/apache/dubbo-kubernetes/app/dubboctl/cmd/manifest_generate.go:198.32,200.3 1 16
github.com/apache/dubbo-kubernetes/app/dubboctl/cmd/manifest_generate.go:201.2,202.29 2 8
github.com/apache/dubbo-kubernetes/app/dubboctl/cmd/manifest_generate.go:202.29,204.53 2 16
github.com/apache/dubbo-kubernetes/app/dubboctl/cmd/manifest_generate.go:204.53,206.4 1 0
github.com/apache/dubbo-kubernetes/app/dubboctl/cmd/manifest_generate.go:206.9,208.4 1 16
github.com/apache/dubbo-kubernetes/app/dubboctl/cmd/manifest_generate.go:210.2,210.33 1 8
github.com/apache/dubbo-kubernetes/app/dubboctl/cmd/manifest_generate.go:213.89,214.61 1 3
github.com/apache/dubbo-kubernetes/app/dubboctl/cmd/manifest_generate.go:214.61,216.3 1 0
github.com/apache/dubbo-kubernetes/app/dubboctl/cmd/manifest_generate.go:217.2,217.37 1 3
github.com/apache/dubbo-kubernetes/app/dubboctl/cmd/manifest_generate.go:217.37,219.68 2 5
github.com/apache/dubbo-kubernetes/app/dubboctl/cmd/manifest_generate.go:219.68,221.4 1 0
github.com/apache/dubbo-kubernetes/app/dubboctl/cmd/manifest_generate.go:223.2,223.12 1 3
github.com/apache/dubbo-kubernetes/app/dubboctl/cmd/manifest_install.go:33.46,35.2 1 2
github.com/apache/dubbo-kubernetes/app/dubboctl/cmd/manifest_install.go:37.55,46.55 3 31
github.com/apache/dubbo-kubernetes/app/dubboctl/cmd/manifest_install.go:46.55,50.18 4 2
github.com/apache/dubbo-kubernetes/app/dubboctl/cmd/manifest_install.go:50.18,52.5 1 0
github.com/apache/dubbo-kubernetes/app/dubboctl/cmd/manifest_install.go:53.4,53.56 1 2
github.com/apache/dubbo-kubernetes/app/dubboctl/cmd/manifest_install.go:53.56,55.5 1 0
github.com/apache/dubbo-kubernetes/app/dubboctl/cmd/manifest_install.go:56.4,56.14 1 2
github.com/apache/dubbo-kubernetes/app/dubboctl/cmd/manifest_install.go:59.2,65.27 4 31
github.com/apache/dubbo-kubernetes/app/dubboctl/cmd/manifest_install.go:68.85,70.21 2 2
github.com/apache/dubbo-kubernetes/app/dubboctl/cmd/manifest_install.go:70.21,72.3 1 2
github.com/apache/dubbo-kubernetes/app/dubboctl/cmd/manifest_install.go:72.8,77.3 1 0
github.com/apache/dubbo-kubernetes/app/dubboctl/cmd/manifest_install.go:78.2,79.16 2 2
github.com/apache/dubbo-kubernetes/app/dubboctl/cmd/manifest_install.go:79.16,81.3 1 0
github.com/apache/dubbo-kubernetes/app/dubboctl/cmd/manifest_install.go:82.2,83.16 2 2
github.com/apache/dubbo-kubernetes/app/dubboctl/cmd/manifest_install.go:83.16,85.3 1 0
github.com/apache/dubbo-kubernetes/app/dubboctl/cmd/manifest_install.go:86.2,86.33 1 2
github.com/apache/dubbo-kubernetes/app/dubboctl/cmd/manifest_install.go:86.33,88.3 1 0
github.com/apache/dubbo-kubernetes/app/dubboctl/cmd/manifest_install.go:89.2,90.16 2 2
github.com/apache/dubbo-kubernetes/app/dubboctl/cmd/manifest_install.go:90.16,92.3 1 0
github.com/apache/dubbo-kubernetes/app/dubboctl/cmd/manifest_install.go:93.2,93.54 1 2
github.com/apache/dubbo-kubernetes/app/dubboctl/cmd/manifest_install.go:93.54,95.3 1 0
github.com/apache/dubbo-kubernetes/app/dubboctl/cmd/manifest_install.go:96.2,96.12 1 2
github.com/apache/dubbo-kubernetes/app/dubboctl/cmd/manifest_uninstall.go:33.48,35.2 1 1
github.com/apache/dubbo-kubernetes/app/dubboctl/cmd/manifest_uninstall.go:37.57,46.55 3 31
github.com/apache/dubbo-kubernetes/app/dubboctl/cmd/manifest_uninstall.go:46.55,50.18 4 1
github.com/apache/dubbo-kubernetes/app/dubboctl/cmd/manifest_uninstall.go:50.18,52.5 1 0
github.com/apache/dubbo-kubernetes/app/dubboctl/cmd/manifest_uninstall.go:53.4,53.58 1 1
github.com/apache/dubbo-kubernetes/app/dubboctl/cmd/manifest_uninstall.go:53.58,55.5 1 0
github.com/apache/dubbo-kubernetes/app/dubboctl/cmd/manifest_uninstall.go:56.4,56.14 1 1
github.com/apache/dubbo-kubernetes/app/dubboctl/cmd/manifest_uninstall.go:59.2,65.27 4 31
github.com/apache/dubbo-kubernetes/app/dubboctl/cmd/manifest_uninstall.go:68.89,70.21 2 1
github.com/apache/dubbo-kubernetes/app/dubboctl/cmd/manifest_uninstall.go:70.21,72.3 1 1
github.com/apache/dubbo-kubernetes/app/dubboctl/cmd/manifest_uninstall.go:72.8,77.3 1 0
github.com/apache/dubbo-kubernetes/app/dubboctl/cmd/manifest_uninstall.go:78.2,79.16 2 1
github.com/apache/dubbo-kubernetes/app/dubboctl/cmd/manifest_uninstall.go:79.16,81.3 1 0
github.com/apache/dubbo-kubernetes/app/dubboctl/cmd/manifest_uninstall.go:82.2,83.16 2 1
github.com/apache/dubbo-kubernetes/app/dubboctl/cmd/manifest_uninstall.go:83.16,85.3 1 0
github.com/apache/dubbo-kubernetes/app/dubboctl/cmd/manifest_uninstall.go:86.2,86.33 1 1
github.com/apache/dubbo-kubernetes/app/dubboctl/cmd/manifest_uninstall.go:86.33,88.3 1 0
github.com/apache/dubbo-kubernetes/app/dubboctl/cmd/manifest_uninstall.go:89.2,90.16 2 1
github.com/apache/dubbo-kubernetes/app/dubboctl/cmd/manifest_uninstall.go:90.16,92.3 1 0
github.com/apache/dubbo-kubernetes/app/dubboctl/cmd/manifest_uninstall.go:93.2,93.55 1 1
github.com/apache/dubbo-kubernetes/app/dubboctl/cmd/manifest_uninstall.go:93.55,95.3 1 0
github.com/apache/dubbo-kubernetes/app/dubboctl/cmd/manifest_uninstall.go:96.2,96.12 1 1
github.com/apache/dubbo-kubernetes/app/dubboctl/cmd/profile.go:22.41,32.2 4 31
github.com/apache/dubbo-kubernetes/app/dubboctl/cmd/profile_diff.go:35.42,36.16 1 3
github.com/apache/dubbo-kubernetes/app/dubboctl/cmd/profile_diff.go:36.16,38.3 1 0
github.com/apache/dubbo-kubernetes/app/dubboctl/cmd/profile_diff.go:39.2,39.28 1 3
github.com/apache/dubbo-kubernetes/app/dubboctl/cmd/profile_diff.go:39.28,41.3 1 1
github.com/apache/dubbo-kubernetes/app/dubboctl/cmd/profile_diff.go:44.51,55.55 2 31
github.com/apache/dubbo-kubernetes/app/dubboctl/cmd/profile_diff.go:55.55,56.22 1 4
github.com/apache/dubbo-kubernetes/app/dubboctl/cmd/profile_diff.go:56.22,58.5 1 1
github.com/apache/dubbo-kubernetes/app/dubboctl/cmd/profile_diff.go:59.4,59.14 1 3
github.com/apache/dubbo-kubernetes/app/dubboctl/cmd/profile_diff.go:61.55,64.55 3 3
github.com/apache/dubbo-kubernetes/app/dubboctl/cmd/profile_diff.go:64.55,66.5 1 1
github.com/apache/dubbo-kubernetes/app/dubboctl/cmd/profile_diff.go:67.4,67.14 1 2
github.com/apache/dubbo-kubernetes/app/dubboctl/cmd/profile_diff.go:70.2,73.27 2 31
github.com/apache/dubbo-kubernetes/app/dubboctl/cmd/profile_diff.go:76.67,78.16 2 3
github.com/apache/dubbo-kubernetes/app/dubboctl/cmd/profile_diff.go:78.16,80.3 1 0
github.com/apache/dubbo-kubernetes/app/dubboctl/cmd/profile_diff.go:81.2,82.16 2 3
github.com/apache/dubbo-kubernetes/app/dubboctl/cmd/profile_diff.go:82.16,84.3 1 1
github.com/apache/dubbo-kubernetes/app/dubboctl/cmd/profile_diff.go:85.2,86.16 2 2
github.com/apache/dubbo-kubernetes/app/dubboctl/cmd/profile_diff.go:86.16,88.3 1 0
github.com/apache/dubbo-kubernetes/app/dubboctl/cmd/profile_diff.go:89.2,90.16 2 2
github.com/apache/dubbo-kubernetes/app/dubboctl/cmd/profile_diff.go:90.16,92.3 1 0
github.com/apache/dubbo-kubernetes/app/dubboctl/cmd/profile_diff.go:93.2,94.16 2 2
github.com/apache/dubbo-kubernetes/app/dubboctl/cmd/profile_diff.go:94.16,96.3 1 0
github.com/apache/dubbo-kubernetes/app/dubboctl/cmd/profile_diff.go:97.2,97.16 1 2
github.com/apache/dubbo-kubernetes/app/dubboctl/cmd/profile_diff.go:97.16,99.3 1 1
github.com/apache/dubbo-kubernetes/app/dubboctl/cmd/profile_diff.go:99.8,101.3 1 1
github.com/apache/dubbo-kubernetes/app/dubboctl/cmd/profile_diff.go:102.2,102.12 1 2
github.com/apache/dubbo-kubernetes/app/dubboctl/cmd/profile_list.go:35.42,36.16 1 5
github.com/apache/dubbo-kubernetes/app/dubboctl/cmd/profile_list.go:36.16,38.3 1 0
github.com/apache/dubbo-kubernetes/app/dubboctl/cmd/profile_list.go:39.2,39.28 1 5
github.com/apache/dubbo-kubernetes/app/dubboctl/cmd/profile_list.go:39.28,41.3 1 1
github.com/apache/dubbo-kubernetes/app/dubboctl/cmd/profile_list.go:44.51,58.55 2 31
github.com/apache/dubbo-kubernetes/app/dubboctl/cmd/profile_list.go:58.55,59.21 1 6
github.com/apache/dubbo-kubernetes/app/dubboctl/cmd/profile_list.go:59.21,61.5 1 1
github.com/apache/dubbo-kubernetes/app/dubboctl/cmd/profile_list.go:62.4,62.14 1 5
github.com/apache/dubbo-kubernetes/app/dubboctl/cmd/profile_list.go:64.55,67.55 3 5
github.com/apache/dubbo-kubernetes/app/dubboctl/cmd/profile_list.go:67.55,69.5 1 2
github.com/apache/dubbo-kubernetes/app/dubboctl/cmd/profile_list.go:70.4,70.14 1 3
github.com/apache/dubbo-kubernetes/app/dubboctl/cmd/profile_list.go:73.2,76.27 2 31
github.com/apache/dubbo-kubernetes/app/dubboctl/cmd/profile_list.go:79.67,81.16 2 5
github.com/apache/dubbo-kubernetes/app/dubboctl/cmd/profile_list.go:81.16,83.3 1 1
github.com/apache/dubbo-kubernetes/app/dubboctl/cmd/profile_list.go:85.2,85.20 1 4
github.com/apache/dubbo-kubernetes/app/dubboctl/cmd/profile_list.go:85.20,88.36 3 2
github.com/apache/dubbo-kubernetes/app/dubboctl/cmd/profile_list.go:88.36,90.4 1 5
github.com/apache/dubbo-kubernetes/app/dubboctl/cmd/profile_list.go:91.3,92.13 2 2
github.com/apache/dubbo-kubernetes/app/dubboctl/cmd/profile_list.go:95.2,95.35 1 2
github.com/apache/dubbo-kubernetes/app/dubboctl/cmd/profile_list.go:95.35,96.25 1 6
github.com/apache/dubbo-kubernetes/app/dubboctl/cmd/profile_list.go:96.25,98.18 2 1
github.com/apache/dubbo-kubernetes/app/dubboctl/cmd/profile_list.go:98.18,100.5 1 1
github.com/apache/dubbo-kubernetes/app/dubboctl/cmd/profile_list.go:101.4,102.14 2 0
github.com/apache/dubbo-kubernetes/app/dubboctl/cmd/profile_list.go:106.2,106.12 1 1
github.com/apache/dubbo-kubernetes/app/dubboctl/cmd/repository.go:35.69,165.55 1 31
github.com/apache/dubbo-kubernetes/app/dubboctl/cmd/repository.go:165.55,167.4 1 0
github.com/apache/dubbo-kubernetes/app/dubboctl/cmd/repository.go:170.2,177.25 6 31
github.com/apache/dubbo-kubernetes/app/dubboctl/cmd/repository.go:180.67,186.55 1 32
github.com/apache/dubbo-kubernetes/app/dubboctl/cmd/repository.go:186.55,188.4 1 1
github.com/apache/dubbo-kubernetes/app/dubboctl/cmd/repository.go:191.2,192.12 2 32
github.com/apache/dubbo-kubernetes/app/dubboctl/cmd/repository.go:195.66,201.55 1 31
github.com/apache/dubbo-kubernetes/app/dubboctl/cmd/repository.go:201.55,203.4 1 0
github.com/apache/dubbo-kubernetes/app/dubboctl/cmd/repository.go:206.2,207.12 2 31
github.com/apache/dubbo-kubernetes/app/dubboctl/cmd/repository.go:210.69,216.55 1 31
github.com/apache/dubbo-kubernetes/app/dubboctl/cmd/repository.go:216.55,218.4 1 0
github.com/apache/dubbo-kubernetes/app/dubboctl/cmd/repository.go:221.2,222.12 2 31
github.com/apache/dubbo-kubernetes/app/dubboctl/cmd/repository.go:225.69,232.55 1 31
github.com/apache/dubbo-kubernetes/app/dubboctl/cmd/repository.go:232.55,234.4 1 0
github.com/apache/dubbo-kubernetes/app/dubboctl/cmd/repository.go:237.2,238.12 2 31
github.com/apache/dubbo-kubernetes/app/dubboctl/cmd/repository.go:246.92,248.16 2 0
github.com/apache/dubbo-kubernetes/app/dubboctl/cmd/repository.go:248.16,250.3 1 0
github.com/apache/dubbo-kubernetes/app/dubboctl/cmd/repository.go:253.2,253.18 1 0
github.com/apache/dubbo-kubernetes/app/dubboctl/cmd/repository.go:253.18,255.3 1 0
github.com/apache/dubbo-kubernetes/app/dubboctl/cmd/repository.go:259.2,268.73 3 0
github.com/apache/dubbo-kubernetes/app/dubboctl/cmd/repository.go:268.73,270.3 1 0
github.com/apache/dubbo-kubernetes/app/dubboctl/cmd/repository.go:273.2,273.23 1 0
github.com/apache/dubbo-kubernetes/app/dubboctl/cmd/repository.go:274.14,275.49 1 0
github.com/apache/dubbo-kubernetes/app/dubboctl/cmd/repository.go:276.13,277.48 1 0
github.com/apache/dubbo-kubernetes/app/dubboctl/cmd/repository.go:278.16,279.51 1 0
github.com/apache/dubbo-kubernetes/app/dubboctl/cmd/repository.go:280.16,281.51 1 0
github.com/apache/dubbo-kubernetes/app/dubboctl/cmd/repository.go:283.2,283.57 1 0
github.com/apache/dubbo-kubernetes/app/dubboctl/cmd/repository.go:287.94,289.16 2 1
github.com/apache/dubbo-kubernetes/app/dubboctl/cmd/repository.go:289.16,291.3 1 0
github.com/apache/dubbo-kubernetes/app/dubboctl/cmd/repository.go:293.2,298.16 4 1
github.com/apache/dubbo-kubernetes/app/dubboctl/cmd/repository.go:298.16,300.3 1 0
github.com/apache/dubbo-kubernetes/app/dubboctl/cmd/repository.go:304.2,304.23 1 1
github.com/apache/dubbo-kubernetes/app/dubboctl/cmd/repository.go:304.23,306.3 1 1
github.com/apache/dubbo-kubernetes/app/dubboctl/cmd/repository.go:307.2,307.8 1 1
github.com/apache/dubbo-kubernetes/app/dubboctl/cmd/repository.go:311.93,318.16 2 0
github.com/apache/dubbo-kubernetes/app/dubboctl/cmd/repository.go:318.16,320.3 1 0
github.com/apache/dubbo-kubernetes/app/dubboctl/cmd/repository.go:323.2,323.42 1 0
github.com/apache/dubbo-kubernetes/app/dubboctl/cmd/repository.go:323.42,325.3 1 0
github.com/apache/dubbo-kubernetes/app/dubboctl/cmd/repository.go:332.2,337.36 3 0
github.com/apache/dubbo-kubernetes/app/dubboctl/cmd/repository.go:337.36,339.3 1 0
github.com/apache/dubbo-kubernetes/app/dubboctl/cmd/repository.go:343.2,347.19 2 0
github.com/apache/dubbo-kubernetes/app/dubboctl/cmd/repository.go:347.19,349.3 1 0
github.com/apache/dubbo-kubernetes/app/dubboctl/cmd/repository.go:350.2,350.19 1 0
github.com/apache/dubbo-kubernetes/app/dubboctl/cmd/repository.go:350.19,352.3 1 0
github.com/apache/dubbo-kubernetes/app/dubboctl/cmd/repository.go:367.2,367.47 1 0
github.com/apache/dubbo-kubernetes/app/dubboctl/cmd/repository.go:367.47,385.55 2 0
github.com/apache/dubbo-kubernetes/app/dubboctl/cmd/repository.go:385.55,389.4 1 0
github.com/apache/dubbo-kubernetes/app/dubboctl/cmd/repository.go:390.8,390.24 1 0
github.com/apache/dubbo-kubernetes/app/dubboctl/cmd/repository.go:390.24,393.3 2 0
github.com/apache/dubbo-kubernetes/app/dubboctl/cmd/repository.go:396.2,397.77 2 0
github.com/apache/dubbo-kubernetes/app/dubboctl/cmd/repository.go:397.77,399.3 1 0
github.com/apache/dubbo-kubernetes/app/dubboctl/cmd/repository.go:400.2,401.8 2 0
github.com/apache/dubbo-kubernetes/app/dubboctl/cmd/repository.go:405.96,407.16 2 0
github.com/apache/dubbo-kubernetes/app/dubboctl/cmd/repository.go:407.16,409.3 1 0
github.com/apache/dubbo-kubernetes/app/dubboctl/cmd/repository.go:410.2,414.36 3 0
github.com/apache/dubbo-kubernetes/app/dubboctl/cmd/repository.go:414.36,416.3 1 0
github.com/apache/dubbo-kubernetes/app/dubboctl/cmd/repository.go:419.2,423.19 2 0
github.com/apache/dubbo-kubernetes/app/dubboctl/cmd/repository.go:423.19,425.3 1 0
github.com/apache/dubbo-kubernetes/app/dubboctl/cmd/repository.go:426.2,426.19 1 0
github.com/apache/dubbo-kubernetes/app/dubboctl/cmd/repository.go:426.19,428.3 1 0
github.com/apache/dubbo-kubernetes/app/dubboctl/cmd/repository.go:432.2,433.16 2 0
github.com/apache/dubbo-kubernetes/app/dubboctl/cmd/repository.go:433.16,435.3 1 0
github.com/apache/dubbo-kubernetes/app/dubboctl/cmd/repository.go:438.2,438.47 1 0
github.com/apache/dubbo-kubernetes/app/dubboctl/cmd/repository.go:438.47,456.55 2 0
github.com/apache/dubbo-kubernetes/app/dubboctl/cmd/repository.go:456.55,458.4 1 0
github.com/apache/dubbo-kubernetes/app/dubboctl/cmd/repository.go:459.8,459.24 1 0
github.com/apache/dubbo-kubernetes/app/dubboctl/cmd/repository.go:459.24,462.3 2 0
github.com/apache/dubbo-kubernetes/app/dubboctl/cmd/repository.go:465.2,465.76 1 0
github.com/apache/dubbo-kubernetes/app/dubboctl/cmd/repository.go:465.76,467.3 1 0
github.com/apache/dubbo-kubernetes/app/dubboctl/cmd/repository.go:468.2,469.8 2 0
github.com/apache/dubbo-kubernetes/app/dubboctl/cmd/repository.go:473.96,475.16 2 0
github.com/apache/dubbo-kubernetes/app/dubboctl/cmd/repository.go:475.16,477.3 1 0
github.com/apache/dubbo-kubernetes/app/dubboctl/cmd/repository.go:478.2,482.36 3 0
github.com/apache/dubbo-kubernetes/app/dubboctl/cmd/repository.go:482.36,484.3 1 0
github.com/apache/dubbo-kubernetes/app/dubboctl/cmd/repository.go:487.2,491.19 2 0
github.com/apache/dubbo-kubernetes/app/dubboctl/cmd/repository.go:491.19,493.3 1 0
github.com/apache/dubbo-kubernetes/app/dubboctl/cmd/repository.go:500.2,505.16 3 0
github.com/apache/dubbo-kubernetes/app/dubboctl/cmd/repository.go:505.16,507.3 1 0
github.com/apache/dubbo-kubernetes/app/dubboctl/cmd/repository.go:509.2,509.28 1 0
github.com/apache/dubbo-kubernetes/app/dubboctl/cmd/repository.go:509.28,511.3 1 0
github.com/apache/dubbo-kubernetes/app/dubboctl/cmd/repository.go:514.2,514.47 1 0
github.com/apache/dubbo-kubernetes/app/dubboctl/cmd/repository.go:514.47,531.55 2 0
github.com/apache/dubbo-kubernetes/app/dubboctl/cmd/repository.go:531.55,533.4 1 0
github.com/apache/dubbo-kubernetes/app/dubboctl/cmd/repository.go:534.8,534.24 1 0
github.com/apache/dubbo-kubernetes/app/dubboctl/cmd/repository.go:534.24,536.3 1 0
github.com/apache/dubbo-kubernetes/app/dubboctl/cmd/repository.go:539.2,539.18 1 0
github.com/apache/dubbo-kubernetes/app/dubboctl/cmd/repository.go:539.18,551.3 2 0
github.com/apache/dubbo-kubernetes/app/dubboctl/cmd/repository.go:554.2,554.65 1 0
github.com/apache/dubbo-kubernetes/app/dubboctl/cmd/repository.go:554.65,556.3 1 0
github.com/apache/dubbo-kubernetes/app/dubboctl/cmd/repository.go:557.2,558.8 2 0
github.com/apache/dubbo-kubernetes/app/dubboctl/cmd/repository.go:563.68,567.16 2 0
github.com/apache/dubbo-kubernetes/app/dubboctl/cmd/repository.go:567.16,569.3 1 0
github.com/apache/dubbo-kubernetes/app/dubboctl/cmd/repository.go:570.2,570.30 1 0
github.com/apache/dubbo-kubernetes/app/dubboctl/cmd/repository.go:584.75,592.2 2 1
github.com/apache/dubbo-kubernetes/app/dubboctl/cmd/root.go:35.29,39.73 2 0
github.com/apache/dubbo-kubernetes/app/dubboctl/cmd/root.go:39.73,43.3 2 0
github.com/apache/dubbo-kubernetes/app/dubboctl/cmd/root.go:45.2,45.35 1 0
github.com/apache/dubbo-kubernetes/app/dubboctl/cmd/root.go:48.47,68.22 6 31
github.com/apache/dubbo-kubernetes/app/dubboctl/cmd/root.go:68.22,70.3 1 31
github.com/apache/dubbo-kubernetes/app/dubboctl/cmd/root.go:72.2,74.16 3 31
github.com/apache/dubbo-kubernetes/app/dubboctl/cmd/root.go:77.70,85.2 7 31
github.com/apache/dubbo-kubernetes/app/dubboctl/cmd/root.go:91.40,92.61 1 249
github.com/apache/dubbo-kubernetes/app/dubboctl/cmd/root.go:92.61,93.30 1 7
github.com/apache/dubbo-kubernetes/app/dubboctl/cmd/root.go:93.30,94.73 1 31
github.com/apache/dubbo-kubernetes/app/dubboctl/cmd/root.go:94.73,96.5 1 0
github.com/apache/dubbo-kubernetes/app/dubboctl/cmd/root.go:98.3,100.9 3 7
github.com/apache/dubbo-kubernetes/app/dubboctl/cmd/root.go:105.52,107.2 1 187
github.com/apache/dubbo-kubernetes/app/dubboctl/cmd/root.go:110.38,112.2 1 62
github.com/apache/dubbo-kubernetes/app/dubboctl/cmd/root.go:159.65,160.28 1 0
github.com/apache/dubbo-kubernetes/app/dubboctl/cmd/root.go:160.28,161.17 1 0
github.com/apache/dubbo-kubernetes/app/dubboctl/cmd/root.go:161.17,163.4 1 0
github.com/apache/dubbo-kubernetes/app/dubboctl/cmd/root.go:165.2,165.22 1 0
github.com/apache/dubbo-kubernetes/app/dubboctl/cmd/root.go:165.22,167.3 1 0
github.com/apache/dubbo-kubernetes/app/dubboctl/cmd/root.go:170.2,170.11 1 0
github.com/apache/dubbo-kubernetes/app/dubboctl/cmd/root.go:174.25,176.16 2 0
github.com/apache/dubbo-kubernetes/app/dubboctl/cmd/root.go:176.16,177.79 1 0
github.com/apache/dubbo-kubernetes/app/dubboctl/cmd/root.go:179.2,179.12 1 0
github.com/apache/dubbo-kubernetes/app/dubboctl/cmd/root.go:185.70,189.16 2 12
github.com/apache/dubbo-kubernetes/app/dubboctl/cmd/root.go:189.16,191.3 1 0
github.com/apache/dubbo-kubernetes/app/dubboctl/cmd/root.go:194.2,195.16 2 12
github.com/apache/dubbo-kubernetes/app/dubboctl/cmd/root.go:195.16,197.3 1 0
github.com/apache/dubbo-kubernetes/app/dubboctl/cmd/root.go:200.2,201.45 2 12
github.com/apache/dubbo-kubernetes/app/dubboctl/internal/builders/builders.go:34.32,36.22 2 3
github.com/apache/dubbo-kubernetes/app/dubboctl/internal/builders/builders.go:36.22,37.19 1 6
github.com/apache/dubbo-kubernetes/app/dubboctl/internal/builders/builders.go:37.19,39.4 1 1
github.com/apache/dubbo-kubernetes/app/dubboctl/internal/builders/builders.go:39.9,39.26 1 5
github.com/apache/dubbo-kubernetes/app/dubboctl/internal/builders/builders.go:39.26,41.4 1 2
github.com/apache/dubbo-kubernetes/app/dubboctl/internal/builders/builders.go:41.9,43.4 1 3
github.com/apache/dubbo-kubernetes/app/dubboctl/internal/builders/builders.go:45.2,45.19 1 3
github.com/apache/dubbo-kubernetes/app/dubboctl/internal/builders/builders.go:55.43,56.23 1 4
github.com/apache/dubbo-kubernetes/app/dubboctl/internal/builders/builders.go:56.23,58.3 1 1
github.com/apache/dubbo-kubernetes/app/dubboctl/internal/builders/builders.go:59.2,59.23 1 3
github.com/apache/dubbo-kubernetes/app/dubboctl/internal/builders/builders.go:59.23,61.3 1 1
github.com/apache/dubbo-kubernetes/app/dubboctl/internal/builders/builders.go:62.2,62.97 1 2
github.com/apache/dubbo-kubernetes/app/dubboctl/internal/builders/builders.go:69.48,71.2 1 0
github.com/apache/dubbo-kubernetes/app/dubboctl/internal/builders/builders.go:77.44,79.2 1 0
github.com/apache/dubbo-kubernetes/app/dubboctl/internal/builders/builders.go:86.43,88.2 1 0
github.com/apache/dubbo-kubernetes/app/dubboctl/internal/builders/builders.go:95.88,97.8 2 4
github.com/apache/dubbo-kubernetes/app/dubboctl/internal/builders/builders.go:97.8,99.3 1 1
github.com/apache/dubbo-kubernetes/app/dubboctl/internal/builders/builders.go:100.2,100.21 1 3
github.com/apache/dubbo-kubernetes/app/dubboctl/internal/builders/builders.go:100.21,102.3 1 1
github.com/apache/dubbo-kubernetes/app/dubboctl/internal/builders/builders.go:103.2,105.8 3 2
github.com/apache/dubbo-kubernetes/app/dubboctl/internal/builders/builders.go:105.8,107.3 1 1
github.com/apache/dubbo-kubernetes/app/dubboctl/internal/builders/builders.go:108.2,111.3 1 1
github.com/apache/dubbo-kubernetes/app/dubboctl/internal/builders/pack/build.go:86.45,88.28 2 3
github.com/apache/dubbo-kubernetes/app/dubboctl/internal/builders/pack/build.go:88.28,90.3 1 4
github.com/apache/dubbo-kubernetes/app/dubboctl/internal/builders/pack/build.go:92.2,94.10 2 3
github.com/apache/dubbo-kubernetes/app/dubboctl/internal/builders/pack/build.go:99.32,100.26 1 1
github.com/apache/dubbo-kubernetes/app/dubboctl/internal/builders/pack/build.go:100.26,102.3 1 1
github.com/apache/dubbo-kubernetes/app/dubboctl/internal/builders/pack/build.go:105.30,106.26 1 3
github.com/apache/dubbo-kubernetes/app/dubboctl/internal/builders/pack/build.go:106.26,108.3 1 3
github.com/apache/dubbo-kubernetes/app/dubboctl/internal/builders/pack/build.go:113.62,115.23 2 3
github.com/apache/dubbo-kubernetes/app/dubboctl/internal/builders/pack/build.go:115.23,117.20 1 0
github.com/apache/dubbo-kubernetes/app/dubboctl/internal/builders/pack/build.go:117.20,119.4 1 0
github.com/apache/dubbo-kubernetes/app/dubboctl/internal/builders/pack/build.go:121.3,121.21 1 0
github.com/apache/dubbo-kubernetes/app/dubboctl/internal/builders/pack/build.go:121.21,122.12 1 0
github.com/apache/dubbo-kubernetes/app/dubboctl/internal/builders/pack/build.go:124.3,125.14 2 0
github.com/apache/dubbo-kubernetes/app/dubboctl/internal/builders/pack/build.go:127.2,127.18 1 3
github.com/apache/dubbo-kubernetes/app/dubboctl/internal/builders/pack/build.go:131.74,134.16 2 3
github.com/apache/dubbo-kubernetes/app/dubboctl/internal/builders/pack/build.go:134.16,136.3 1 0
github.com/apache/dubbo-kubernetes/app/dubboctl/internal/builders/pack/build.go:138.2,139.26 2 3
github.com/apache/dubbo-kubernetes/app/dubboctl/internal/builders/pack/build.go:139.26,141.3 1 3
github.com/apache/dubbo-kubernetes/app/dubboctl/internal/builders/pack/build.go:144.2,160.21 2 3
github.com/apache/dubbo-kubernetes/app/dubboctl/internal/builders/pack/build.go:160.21,163.3 2 0
github.com/apache/dubbo-kubernetes/app/dubboctl/internal/builders/pack/build.go:164.2,165.16 2 3
github.com/apache/dubbo-kubernetes/app/dubboctl/internal/builders/pack/build.go:165.16,167.3 1 0
github.com/apache/dubbo-kubernetes/app/dubboctl/internal/builders/pack/build.go:168.2,168.29 1 3
github.com/apache/dubbo-kubernetes/app/dubboctl/internal/builders/pack/build.go:168.29,170.3 1 0
github.com/apache/dubbo-kubernetes/app/dubboctl/internal/builders/pack/build.go:176.2,179.17 2 3
github.com/apache/dubbo-kubernetes/app/dubboctl/internal/builders/pack/build.go:179.17,186.17 3 0
github.com/apache/dubbo-kubernetes/app/dubboctl/internal/builders/pack/build.go:186.17,188.4 1 0
github.com/apache/dubbo-kubernetes/app/dubboctl/internal/builders/pack/build.go:189.3,193.100 3 0
github.com/apache/dubbo-kubernetes/app/dubboctl/internal/builders/pack/build.go:193.100,195.4 1 0
github.com/apache/dubbo-kubernetes/app/dubboctl/internal/builders/pack/build.go:199.2,199.45 1 3
github.com/apache/dubbo-kubernetes/app/dubboctl/internal/builders/pack/build.go:199.45,200.23 1 0
github.com/apache/dubbo-kubernetes/app/dubboctl/internal/builders/pack/build.go:200.23,202.4 1 0
github.com/apache/dubbo-kubernetes/app/dubboctl/internal/builders/pack/build.go:202.9,207.4 4 0
github.com/apache/dubbo-kubernetes/app/dubboctl/internal/builders/pack/build.go:209.2,209.8 1 3
github.com/apache/dubbo-kubernetes/app/dubboctl/internal/builders/pack/build.go:214.34,215.48 1 10
github.com/apache/dubbo-kubernetes/app/dubboctl/internal/builders/pack/build.go:215.48,217.33 1 45
github.com/apache/dubbo-kubernetes/app/dubboctl/internal/builders/pack/build.go:217.33,219.4 1 0
github.com/apache/dubbo-kubernetes/app/dubboctl/internal/builders/pack/build.go:220.3,220.30 1 45
github.com/apache/dubbo-kubernetes/app/dubboctl/internal/builders/pack/build.go:220.30,222.4 1 6
github.com/apache/dubbo-kubernetes/app/dubboctl/internal/builders/pack/build.go:224.2,224.14 1 4
github.com/apache/dubbo-kubernetes/app/dubboctl/internal/builders/pack/build.go:228.71,230.2 1 3
github.com/apache/dubbo-kubernetes/app/dubboctl/internal/builders/pack/build.go:236.44,238.2 1 2
github.com/apache/dubbo-kubernetes/app/dubboctl/internal/builders/pack/build.go:244.48,246.2 1 1
github.com/apache/dubbo-kubernetes/app/dubboctl/internal/dubbo/client.go:89.47,91.2 1 33
github.com/apache/dubbo-kubernetes/app/dubboctl/internal/dubbo/client.go:94.41,96.2 1 9
github.com/apache/dubbo-kubernetes/app/dubboctl/internal/dubbo/client.go:103.47,109.16 3 0
github.com/apache/dubbo-kubernetes/app/dubboctl/internal/dubbo/client.go:109.16,111.3 1 0
github.com/apache/dubbo-kubernetes/app/dubboctl/internal/dubbo/client.go:112.2,112.36 1 0
github.com/apache/dubbo-kubernetes/app/dubboctl/internal/dubbo/client.go:112.36,113.41 1 0
github.com/apache/dubbo-kubernetes/app/dubboctl/internal/dubbo/client.go:113.41,115.4 1 0
github.com/apache/dubbo-kubernetes/app/dubboctl/internal/dubbo/client.go:119.2,119.30 1 0
github.com/apache/dubbo-kubernetes/app/dubboctl/internal/dubbo/client.go:126.52,127.25 1 0
github.com/apache/dubbo-kubernetes/app/dubboctl/internal/dubbo/client.go:127.25,129.3 1 0
github.com/apache/dubbo-kubernetes/app/dubboctl/internal/dubbo/client.go:132.39,133.25 1 0
github.com/apache/dubbo-kubernetes/app/dubboctl/internal/dubbo/client.go:133.25,135.3 1 0
github.com/apache/dubbo-kubernetes/app/dubboctl/internal/dubbo/client.go:141.40,142.25 1 1
github.com/apache/dubbo-kubernetes/app/dubboctl/internal/dubbo/client.go:142.25,144.3 1 1
github.com/apache/dubbo-kubernetes/app/dubboctl/internal/dubbo/client.go:148.36,149.25 1 0
github.com/apache/dubbo-kubernetes/app/dubboctl/internal/dubbo/client.go:149.25,151.3 1 0
github.com/apache/dubbo-kubernetes/app/dubboctl/internal/dubbo/client.go:154.38,155.25 1 0
github.com/apache/dubbo-kubernetes/app/dubboctl/internal/dubbo/client.go:155.25,157.3 1 0
github.com/apache/dubbo-kubernetes/app/dubboctl/internal/dubbo/client.go:163.47,164.25 1 14
github.com/apache/dubbo-kubernetes/app/dubboctl/internal/dubbo/client.go:164.25,166.3 1 14
github.com/apache/dubbo-kubernetes/app/dubboctl/internal/dubbo/client.go:177.82,182.16 4 5
github.com/apache/dubbo-kubernetes/app/dubboctl/internal/dubbo/client.go:182.16,184.3 1 0
github.com/apache/dubbo-kubernetes/app/dubboctl/internal/dubbo/client.go:187.2,187.52 1 5
github.com/apache/dubbo-kubernetes/app/dubboctl/internal/dubbo/client.go:187.52,189.3 1 0
github.com/apache/dubbo-kubernetes/app/dubboctl/internal/dubbo/client.go:192.2,193.16 2 5
github.com/apache/dubbo-kubernetes/app/dubboctl/internal/dubbo/client.go:193.16,195.3 1 0
github.com/apache/dubbo-kubernetes/app/dubboctl/internal/dubbo/client.go:196.2,196.12 1 5
github.com/apache/dubbo-kubernetes/app/dubboctl/internal/dubbo/client.go:196.12,198.3 1 0
github.com/apache/dubbo-kubernetes/app/dubboctl/internal/dubbo/client.go:201.2,201.20 1 5
github.com/apache/dubbo-kubernetes/app/dubboctl/internal/dubbo/client.go:201.20,202.45 1 0
github.com/apache/dubbo-kubernetes/app/dubboctl/internal/dubbo/client.go:202.45,204.4 1 0
github.com/apache/dubbo-kubernetes/app/dubboctl/internal/dubbo/client.go:208.2,208.20 1 5
github.com/apache/dubbo-kubernetes/app/dubboctl/internal/dubbo/client.go:208.20,210.3 1 5
github.com/apache/dubbo-kubernetes/app/dubboctl/internal/dubbo/client.go:212.2,212.11 1 5
github.com/apache/dubbo-kubernetes/app/dubboctl/internal/dubbo/client.go:212.11,215.51 1 5
github.com/apache/dubbo-kubernetes/app/dubboctl/internal/dubbo/client.go:215.51,217.4 1 0
github.com/apache/dubbo-kubernetes/app/dubboctl/internal/dubbo/client.go:221.2,224.48 2 5
github.com/apache/dubbo-kubernetes/app/dubboctl/internal/dubbo/client.go:224.48,226.3 1 0
github.com/apache/dubbo-kubernetes/app/dubboctl/internal/dubbo/client.go:228.2,228.11 1 5
github.com/apache/dubbo-kubernetes/app/dubboctl/internal/dubbo/client.go:228.11,234.17 2 5
github.com/apache/dubbo-kubernetes/app/dubboctl/internal/dubbo/client.go:234.17,236.4 1 2
github.com/apache/dubbo-kubernetes/app/dubboctl/internal/dubbo/client.go:238.2,240.16 3 3
github.com/apache/dubbo-kubernetes/app/dubboctl/internal/dubbo/client.go:240.16,242.3 1 0
github.com/apache/dubbo-kubernetes/app/dubboctl/internal/dubbo/client.go:243.2,244.16 2 3
github.com/apache/dubbo-kubernetes/app/dubboctl/internal/dubbo/client.go:244.16,246.3 1 0
github.com/apache/dubbo-kubernetes/app/dubboctl/internal/dubbo/client.go:249.2,249.26 1 3
github.com/apache/dubbo-kubernetes/app/dubboctl/internal/dubbo/client.go:254.42,256.82 1 5
github.com/apache/dubbo-kubernetes/app/dubboctl/internal/dubbo/client.go:256.82,258.3 1 0
github.com/apache/dubbo-kubernetes/app/dubboctl/internal/dubbo/client.go:267.2,269.39 3 5
github.com/apache/dubbo-kubernetes/app/dubboctl/internal/dubbo/client.go:269.39,271.3 1 0
github.com/apache/dubbo-kubernetes/app/dubboctl/internal/dubbo/client.go:272.2,273.25 2 5
github.com/apache/dubbo-kubernetes/app/dubboctl/internal/dubbo/client.go:273.25,275.16 2 0
github.com/apache/dubbo-kubernetes/app/dubboctl/internal/dubbo/client.go:275.16,276.53 1 0
github.com/apache/dubbo-kubernetes/app/dubboctl/internal/dubbo/client.go:276.53,278.5 1 0
github.com/apache/dubbo-kubernetes/app/dubboctl/internal/dubbo/client.go:279.4,279.52 1 0
github.com/apache/dubbo-kubernetes/app/dubboctl/internal/dubbo/client.go:279.52,281.5 1 0
github.com/apache/dubbo-kubernetes/app/dubboctl/internal/dubbo/client.go:282.4,282.51 1 0
github.com/apache/dubbo-kubernetes/app/dubboctl/internal/dubbo/client.go:282.51,284.5 1 0
github.com/apache/dubbo-kubernetes/app/dubboctl/internal/dubbo/client.go:289.2,291.16 3 5
github.com/apache/dubbo-kubernetes/app/dubboctl/internal/dubbo/client.go:291.16,293.3 1 0
github.com/apache/dubbo-kubernetes/app/dubboctl/internal/dubbo/client.go:294.2,300.16 2 5
github.com/apache/dubbo-kubernetes/app/dubboctl/internal/dubbo/client.go:300.16,302.3 1 0
github.com/apache/dubbo-kubernetes/app/dubboctl/internal/dubbo/client.go:306.2,306.37 1 5
github.com/apache/dubbo-kubernetes/app/dubboctl/internal/dubbo/client.go:306.37,308.3 1 0
github.com/apache/dubbo-kubernetes/app/dubboctl/internal/dubbo/client.go:309.2,309.12 1 5
github.com/apache/dubbo-kubernetes/app/dubboctl/internal/dubbo/client.go:313.59,317.44 3 5
github.com/apache/dubbo-kubernetes/app/dubboctl/internal/dubbo/client.go:317.44,318.25 1 5
github.com/apache/dubbo-kubernetes/app/dubboctl/internal/dubbo/client.go:318.25,320.4 1 5
github.com/apache/dubbo-kubernetes/app/dubboctl/internal/dubbo/client.go:321.3,321.20 1 0
github.com/apache/dubbo-kubernetes/app/dubboctl/internal/dubbo/client.go:323.2,324.16 2 0
github.com/apache/dubbo-kubernetes/app/dubboctl/internal/dubbo/client.go:324.16,326.3 1 0
github.com/apache/dubbo-kubernetes/app/dubboctl/internal/dubbo/client.go:327.2,328.46 2 0
github.com/apache/dubbo-kubernetes/app/dubboctl/internal/dubbo/client.go:328.46,330.3 1 0
github.com/apache/dubbo-kubernetes/app/dubboctl/internal/dubbo/client.go:332.2,332.29 1 0
github.com/apache/dubbo-kubernetes/app/dubboctl/internal/dubbo/client.go:336.37,339.28 2 19
github.com/apache/dubbo-kubernetes/app/dubboctl/internal/dubbo/client.go:339.28,341.3 1 15
github.com/apache/dubbo-kubernetes/app/dubboctl/internal/dubbo/client.go:344.2,347.10 3 19
github.com/apache/dubbo-kubernetes/app/dubboctl/internal/dubbo/client.go:356.95,363.28 5 0
github.com/apache/dubbo-kubernetes/app/dubboctl/internal/dubbo/client.go:363.28,365.3 1 0
github.com/apache/dubbo-kubernetes/app/dubboctl/internal/dubbo/client.go:367.2,369.47 2 0
github.com/apache/dubbo-kubernetes/app/dubboctl/internal/dubbo/client.go:369.47,371.3 1 0
github.com/apache/dubbo-kubernetes/app/dubboctl/internal/dubbo/client.go:373.2,373.33 1 0
github.com/apache/dubbo-kubernetes/app/dubboctl/internal/dubbo/client.go:373.33,375.3 1 0
github.com/apache/dubbo-kubernetes/app/dubboctl/internal/dubbo/client.go:378.2,379.15 2 0
github.com/apache/dubbo-kubernetes/app/dubboctl/internal/dubbo/client.go:387.94,389.27 2 0
github.com/apache/dubbo-kubernetes/app/dubboctl/internal/dubbo/client.go:389.27,391.3 1 0
github.com/apache/dubbo-kubernetes/app/dubboctl/internal/dubbo/client.go:393.2,393.12 1 0
github.com/apache/dubbo-kubernetes/app/dubboctl/internal/dubbo/client.go:393.12,395.3 1 0
github.com/apache/dubbo-kubernetes/app/dubboctl/internal/dubbo/client.go:405.2,405.18 1 0
github.com/apache/dubbo-kubernetes/app/dubboctl/internal/dubbo/client.go:405.18,407.3 1 0
github.com/apache/dubbo-kubernetes/app/dubboctl/internal/dubbo/client.go:409.2,411.16 3 0
github.com/apache/dubbo-kubernetes/app/dubboctl/internal/dubbo/client.go:411.16,414.3 2 0
github.com/apache/dubbo-kubernetes/app/dubboctl/internal/dubbo/client.go:418.2,420.31 2 0
github.com/apache/dubbo-kubernetes/app/dubboctl/internal/dubbo/client.go:420.31,422.3 1 0
github.com/apache/dubbo-kubernetes/app/dubboctl/internal/dubbo/client.go:424.2,424.15 1 0
github.com/apache/dubbo-kubernetes/app/dubboctl/internal/dubbo/client.go:429.36,431.41 2 0
github.com/apache/dubbo-kubernetes/app/dubboctl/internal/dubbo/client.go:431.41,433.3 1 0
github.com/apache/dubbo-kubernetes/app/dubboctl/internal/dubbo/client.go:434.2,435.16 2 0
github.com/apache/dubbo-kubernetes/app/dubboctl/internal/dubbo/client.go:435.16,437.3 1 0
github.com/apache/dubbo-kubernetes/app/dubboctl/internal/dubbo/client.go:438.2,438.18 1 0
github.com/apache/dubbo-kubernetes/app/dubboctl/internal/dubbo/client.go:444.30,447.17 2 0
github.com/apache/dubbo-kubernetes/app/dubboctl/internal/dubbo/client.go:447.17,449.3 1 0
github.com/apache/dubbo-kubernetes/app/dubboctl/internal/dubbo/client.go:462.2,462.19 1 0
github.com/apache/dubbo-kubernetes/app/dubboctl/internal/dubbo/client.go:462.19,464.3 1 0
github.com/apache/dubbo-kubernetes/app/dubboctl/internal/dubbo/client.go:474.2,475.16 2 0
github.com/apache/dubbo-kubernetes/app/dubboctl/internal/dubbo/client.go:475.16,478.3 2 0
github.com/apache/dubbo-kubernetes/app/dubboctl/internal/dubbo/client.go:479.2,479.22 1 0
github.com/apache/dubbo-kubernetes/app/dubboctl/internal/dubbo/client.go:483.70,484.16 1 0
github.com/apache/dubbo-kubernetes/app/dubboctl/internal/dubbo/client.go:484.16,486.3 1 0
github.com/apache/dubbo-kubernetes/app/dubboctl/internal/dubbo/client.go:487.2,488.60 2 0
github.com/apache/dubbo-kubernetes/app/dubboctl/internal/dubbo/client.go:488.60,490.3 1 0
github.com/apache/dubbo-kubernetes/app/dubboctl/internal/dubbo/client.go:492.2,492.15 1 0
github.com/apache/dubbo-kubernetes/app/dubboctl/internal/dubbo/client.go:513.65,513.79 1 0
github.com/apache/dubbo-kubernetes/app/dubboctl/internal/dubbo/client.go:518.64,518.78 1 0
github.com/apache/dubbo-kubernetes/app/dubboctl/internal/dubbo/client.go:523.112,525.2 1 0
github.com/apache/dubbo-kubernetes/app/dubboctl/internal/dubbo/deployer.go:41.50,44.27 2 0
github.com/apache/dubbo-kubernetes/app/dubboctl/internal/dubbo/deployer.go:44.27,46.3 1 0
github.com/apache/dubbo-kubernetes/app/dubboctl/internal/dubbo/deployer.go:48.2,48.10 1 0
github.com/apache/dubbo-kubernetes/app/dubboctl/internal/dubbo/deployer.go:62.109,70.16 6 0
github.com/apache/dubbo-kubernetes/app/dubboctl/internal/dubbo/deployer.go:70.16,75.3 1 0
github.com/apache/dubbo-kubernetes/app/dubboctl/internal/dubbo/deployer.go:77.2,78.21 2 0
github.com/apache/dubbo-kubernetes/app/dubboctl/internal/dubbo/deployer.go:78.21,80.3 1 0
github.com/apache/dubbo-kubernetes/app/dubboctl/internal/dubbo/deployer.go:82.2,83.50 2 0
github.com/apache/dubbo-kubernetes/app/dubboctl/internal/dubbo/deployer.go:83.50,85.3 1 0
github.com/apache/dubbo-kubernetes/app/dubboctl/internal/dubbo/deployer.go:87.2,88.16 2 0
github.com/apache/dubbo-kubernetes/app/dubboctl/internal/dubbo/deployer.go:88.16,93.3 1 0
github.com/apache/dubbo-kubernetes/app/dubboctl/internal/dubbo/deployer.go:95.2,106.16 3 0
github.com/apache/dubbo-kubernetes/app/dubboctl/internal/dubbo/deployer.go:106.16,111.3 1 0
github.com/apache/dubbo-kubernetes/app/dubboctl/internal/dubbo/deployer.go:113.2,116.8 1 0
github.com/apache/dubbo-kubernetes/app/dubboctl/internal/dubbo/dubbo.go:134.34,135.18 1 8
github.com/apache/dubbo-kubernetes/app/dubboctl/internal/dubbo/dubbo.go:135.18,137.3 1 0
[...]
github.com/apache/dubbo-kubernetes/pkg/dds/storage/validate.go:288.74,290.4 1 1
github.com/apache/dubbo-kubernetes/pkg/dds/storage/validate.go:292.2,292.14 1 2
github.com/apache/dubbo-kubernetes/pkg/dds/storage/validate.go:295.101,296.34 1 40
github.com/apache/dubbo-kubernetes/pkg/dds/storage/validate.go:296.34,298.3 1 34
github.com/apache/dubbo-kubernetes/pkg/dds/storage/validate.go:299.2,299.45 1 6
github.com/apache/dubbo-kubernetes/pkg/dds/storage/validate.go:299.45,301.17 2 6
github.com/apache/dubbo-kubernetes/pkg/dds/storage/validate.go:301.17,303.12 2 3
github.com/apache/dubbo-kubernetes/pkg/dds/storage/validate.go:305.3,305.35 1 3
github.com/apache/dubbo-kubernetes/pkg/dds/storage/validate.go:305.35,307.18 2 3
github.com/apache/dubbo-kubernetes/pkg/dds/storage/validate.go:307.18,309.13 2 1
github.com/apache/dubbo-kubernetes/pkg/dds/storage/validate.go:311.4,311.29 1 2
github.com/apache/dubbo-kubernetes/pkg/dds/storage/validate.go:311.29,313.5 1 1
github.com/apache/dubbo-kubernetes/pkg/dds/storage/validate.go:316.2,316.13 1 5
github.com/apache/dubbo-kubernetes/pkg/dds/storage/validate.go:319.98,320.31 1 46
github.com/apache/dubbo-kubernetes/pkg/dds/storage/validate.go:320.31,322.3 1 39
github.com/apache/dubbo-kubernetes/pkg/dds/storage/validate.go:323.2,323.42 1 7
github.com/apache/dubbo-kubernetes/pkg/dds/storage/validate.go:323.42,325.17 2 7
github.com/apache/dubbo-kubernetes/pkg/dds/storage/validate.go:325.17,327.12 2 3
github.com/apache/dubbo-kubernetes/pkg/dds/storage/validate.go:329.3,329.35 1 4
github.com/apache/dubbo-kubernetes/pkg/dds/storage/validate.go:329.35,331.18 2 3
github.com/apache/dubbo-kubernetes/pkg/dds/storage/validate.go:331.18,333.13 2 1
github.com/apache/dubbo-kubernetes/pkg/dds/storage/validate.go:335.4,335.29 1 2
github.com/apache/dubbo-kubernetes/pkg/dds/storage/validate.go:335.29,337.5 1 1
github.com/apache/dubbo-kubernetes/pkg/dds/storage/validate.go:340.2,340.14 1 6
github.com/apache/dubbo-kubernetes/pkg/dds/storage/validate.go:343.102,344.36 1 47
github.com/apache/dubbo-kubernetes/pkg/dds/storage/validate.go:344.36,346.3 1 44
github.com/apache/dubbo-kubernetes/pkg/dds/storage/validate.go:347.2,347.49 1 3
github.com/apache/dubbo-kubernetes/pkg/dds/storage/validate.go:347.49,348.85 1 3
github.com/apache/dubbo-kubernetes/pkg/dds/storage/validate.go:348.85,350.4 1 1
github.com/apache/dubbo-kubernetes/pkg/dds/storage/validate.go:352.2,352.13 1 2
github.com/apache/dubbo-kubernetes/pkg/dds/storage/validate.go:355.99,356.33 1 51
github.com/apache/dubbo-kubernetes/pkg/dds/storage/validate.go:356.33,358.3 1 47
github.com/apache/dubbo-kubernetes/pkg/dds/storage/validate.go:359.2,359.46 1 4
github.com/apache/dubbo-kubernetes/pkg/dds/storage/validate.go:359.46,360.85 1 4
github.com/apache/dubbo-kubernetes/pkg/dds/storage/validate.go:360.85,362.4 1 0
github.com/apache/dubbo-kubernetes/pkg/dds/storage/validate.go:364.2,364.14 1 4
github.com/apache/dubbo-kubernetes/app/dubboctl/internal/docker/creds/credentials.go:58.81,63.2 1 6
github.com/apache/dubbo-kubernetes/app/dubboctl/internal/docker/creds/credentials.go:66.114,68.16 2 6
github.com/apache/dubbo-kubernetes/app/dubboctl/internal/docker/creds/credentials.go:68.16,70.3 1 0
github.com/apache/dubbo-kubernetes/app/dubboctl/internal/docker/creds/credentials.go:72.2,78.16 3 6
github.com/apache/dubbo-kubernetes/app/dubboctl/internal/docker/creds/credentials.go:78.16,80.70 2 2
github.com/apache/dubbo-kubernetes/app/dubboctl/internal/docker/creds/credentials.go:80.70,82.4 1 2
github.com/apache/dubbo-kubernetes/app/dubboctl/internal/docker/creds/credentials.go:83.3,83.13 1 0
github.com/apache/dubbo-kubernetes/app/dubboctl/internal/docker/creds/credentials.go:86.2,86.12 1 4
github.com/apache/dubbo-kubernetes/app/dubboctl/internal/docker/creds/credentials.go:105.60,106.41 1 9
github.com/apache/dubbo-kubernetes/app/dubboctl/internal/docker/creds/credentials.go:106.41,108.3 1 9
github.com/apache/dubbo-kubernetes/app/dubboctl/internal/docker/creds/credentials.go:112.63,113.41 1 10
github.com/apache/dubbo-kubernetes/app/dubboctl/internal/docker/creds/credentials.go:113.41,115.3 1 10
github.com/apache/dubbo-kubernetes/app/dubboctl/internal/docker/creds/credentials.go:121.75,122.41 1 3
github.com/apache/dubbo-kubernetes/app/dubboctl/internal/docker/creds/credentials.go:122.41,124.3 1 3
github.com/apache/dubbo-kubernetes/app/dubboctl/internal/docker/creds/credentials.go:127.53,128.41 1 0
github.com/apache/dubbo-kubernetes/app/dubboctl/internal/docker/creds/credentials.go:128.41,130.3 1 0
github.com/apache/dubbo-kubernetes/app/dubboctl/internal/docker/creds/credentials.go:140.74,141.41 1 6
github.com/apache/dubbo-kubernetes/app/dubboctl/internal/docker/creds/credentials.go:141.41,143.3 1 6
github.com/apache/dubbo-kubernetes/app/dubboctl/internal/docker/creds/credentials.go:159.88,162.25 2 10
github.com/apache/dubbo-kubernetes/app/dubboctl/internal/docker/creds/credentials.go:162.25,164.3 1 28
github.com/apache/dubbo-kubernetes/app/dubboctl/internal/docker/creds/credentials.go:166.2,166.24 1 10
github.com/apache/dubbo-kubernetes/app/dubboctl/internal/docker/creds/credentials.go:166.24,168.3 1 10
github.com/apache/dubbo-kubernetes/app/dubboctl/internal/docker/creds/credentials.go:170.2,170.32 1 10
github.com/apache/dubbo-kubernetes/app/dubboctl/internal/docker/creds/credentials.go:170.32,171.106 1 0
github.com/apache/dubbo-kubernetes/app/dubboctl/internal/docker/creds/credentials.go:171.106,173.4 1 0
github.com/apache/dubbo-kubernetes/app/dubboctl/internal/docker/creds/credentials.go:176.2,176.39 1 10
github.com/apache/dubbo-kubernetes/app/dubboctl/internal/docker/creds/credentials.go:176.39,177.73 1 7
github.com/apache/dubbo-kubernetes/app/dubboctl/internal/docker/creds/credentials.go:177.73,179.4 1 2
github.com/apache/dubbo-kubernetes/app/dubboctl/internal/docker/creds/credentials.go:182.2,188.16 4 10
github.com/apache/dubbo-kubernetes/app/dubboctl/internal/docker/creds/credentials.go:188.16,189.13 1 0
github.com/apache/dubbo-kubernetes/app/dubboctl/internal/docker/creds/credentials.go:191.2,194.53 2 10
github.com/apache/dubbo-kubernetes/app/dubboctl/internal/docker/creds/credentials.go:194.53,196.4 1 9
github.com/apache/dubbo-kubernetes/app/dubboctl/internal/docker/creds/credentials.go:197.53,199.4 1 8
github.com/apache/dubbo-kubernetes/app/dubboctl/internal/docker/creds/credentials.go:200.53,202.18 2 7
github.com/apache/dubbo-kubernetes/app/dubboctl/internal/docker/creds/credentials.go:202.18,204.5 1 0
github.com/apache/dubbo-kubernetes/app/dubboctl/internal/docker/creds/credentials.go:205.4,208.10 1 7
github.com/apache/dubbo-kubernetes/app/dubboctl/internal/docker/creds/credentials.go:210.53,212.4 1 4
github.com/apache/dubbo-kubernetes/app/dubboctl/internal/docker/creds/credentials.go:215.2,217.25 2 10
github.com/apache/dubbo-kubernetes/app/dubboctl/internal/docker/creds/credentials.go:220.109,225.16 4 10
github.com/apache/dubbo-kubernetes/app/dubboctl/internal/docker/creds/credentials.go:225.16,227.3 1 0
github.com/apache/dubbo-kubernetes/app/dubboctl/internal/docker/creds/credentials.go:229.2,231.43 2 10
github.com/apache/dubbo-kubernetes/app/dubboctl/internal/docker/creds/credentials.go:231.43,235.17 2 29
github.com/apache/dubbo-kubernetes/app/dubboctl/internal/docker/creds/credentials.go:235.17,236.46 1 15
github.com/apache/dubbo-kubernetes/app/dubboctl/internal/docker/creds/credentials.go:236.46,237.13 1 15
github.com/apache/dubbo-kubernetes/app/dubboctl/internal/docker/creds/credentials.go:239.4,239.36 1 0
github.com/apache/dubbo-kubernetes/app/dubboctl/internal/docker/creds/credentials.go:242.3,243.17 2 14
github.com/apache/dubbo-kubernetes/app/dubboctl/internal/docker/creds/credentials.go:243.17,245.4 1 6
github.com/apache/dubbo-kubernetes/app/dubboctl/internal/docker/creds/credentials.go:245.9,246.40 1 8
github.com/apache/dubbo-kubernetes/app/dubboctl/internal/docker/creds/credentials.go:246.40,248.5 1 0
github.com/apache/dubbo-kubernetes/app/dubboctl/internal/docker/creds/credentials.go:253.2,253.35 1 4
github.com/apache/dubbo-kubernetes/app/dubboctl/internal/docker/creds/credentials.go:253.35,255.3 1 0
github.com/apache/dubbo-kubernetes/app/dubboctl/internal/docker/creds/credentials.go:257.2,257.6 1 4
github.com/apache/dubbo-kubernetes/app/dubboctl/internal/docker/creds/credentials.go:257.6,259.17 2 4
github.com/apache/dubbo-kubernetes/app/dubboctl/internal/docker/creds/credentials.go:259.17,261.4 1 0
github.com/apache/dubbo-kubernetes/app/dubboctl/internal/docker/creds/credentials.go:263.3,264.17 2 4
github.com/apache/dubbo-kubernetes/app/dubboctl/internal/docker/creds/credentials.go:264.17,266.18 2 4
github.com/apache/dubbo-kubernetes/app/dubboctl/internal/docker/creds/credentials.go:266.18,269.57 1 4
github.com/apache/dubbo-kubernetes/app/dubboctl/internal/docker/creds/credentials.go:269.57,272.6 2 0
github.com/apache/dubbo-kubernetes/app/dubboctl/internal/docker/creds/credentials.go:274.5,274.57 1 4
github.com/apache/dubbo-kubernetes/app/dubboctl/internal/docker/creds/credentials.go:274.57,276.6 1 0
github.com/apache/dubbo-kubernetes/app/dubboctl/internal/docker/creds/credentials.go:277.5,279.19 3 4
github.com/apache/dubbo-kubernetes/app/dubboctl/internal/docker/creds/credentials.go:279.19,281.6 1 0
github.com/apache/dubbo-kubernetes/app/dubboctl/internal/docker/creds/credentials.go:282.5,284.19 3 4
github.com/apache/dubbo-kubernetes/app/dubboctl/internal/docker/creds/credentials.go:284.19,286.6 1 0
github.com/apache/dubbo-kubernetes/app/dubboctl/internal/docker/creds/credentials.go:287.5,288.19 2 4
github.com/apache/dubbo-kubernetes/app/dubboctl/internal/docker/creds/credentials.go:288.19,291.58 1 3
github.com/apache/dubbo-kubernetes/app/dubboctl/internal/docker/creds/credentials.go:291.58,294.7 2 0
github.com/apache/dubbo-kubernetes/app/dubboctl/internal/docker/creds/credentials.go:296.6,296.58 1 3
github.com/apache/dubbo-kubernetes/app/dubboctl/internal/docker/creds/credentials.go:296.58,298.7 1 0
github.com/apache/dubbo-kubernetes/app/dubboctl/internal/docker/creds/credentials.go:301.4,301.22 1 4
github.com/apache/dubbo-kubernetes/app/dubboctl/internal/docker/creds/credentials.go:302.9,303.39 1 0
github.com/apache/dubbo-kubernetes/app/dubboctl/internal/docker/creds/credentials.go:303.39,304.13 1 0
github.com/apache/dubbo-kubernetes/app/dubboctl/internal/docker/creds/credentials.go:306.4,306.36 1 0
github.com/apache/dubbo-kubernetes/app/dubboctl/internal/docker/creds/credentials.go:313.73,315.16 2 25
github.com/apache/dubbo-kubernetes/app/dubboctl/internal/docker/creds/credentials.go:315.16,317.3 1 13
github.com/apache/dubbo-kubernetes/app/dubboctl/internal/docker/creds/credentials.go:319.2,324.16 3 12
github.com/apache/dubbo-kubernetes/app/dubboctl/internal/docker/creds/credentials.go:324.16,326.3 1 0
github.com/apache/dubbo-kubernetes/app/dubboctl/internal/docker/creds/credentials.go:328.2,328.24 1 12
github.com/apache/dubbo-kubernetes/app/dubboctl/internal/docker/creds/credentials.go:331.69,336.56 3 4
github.com/apache/dubbo-kubernetes/app/dubboctl/internal/docker/creds/credentials.go:336.56,338.17 2 2
github.com/apache/dubbo-kubernetes/app/dubboctl/internal/docker/creds/credentials.go:338.17,340.4 1 0
github.com/apache/dubbo-kubernetes/app/dubboctl/internal/docker/creds/credentials.go:343.2,346.16 3 4
github.com/apache/dubbo-kubernetes/app/dubboctl/internal/docker/creds/credentials.go:346.16,348.3 1 0
github.com/apache/dubbo-kubernetes/app/dubboctl/internal/docker/creds/credentials.go:350.2,351.16 2 4
github.com/apache/dubbo-kubernetes/app/dubboctl/internal/docker/creds/credentials.go:351.16,353.3 1 0
github.com/apache/dubbo-kubernetes/app/dubboctl/internal/docker/creds/credentials.go:355.2,355.12 1 4
github.com/apache/dubbo-kubernetes/app/dubboctl/internal/docker/creds/credentials.go:358.98,362.39 3 17
github.com/apache/dubbo-kubernetes/app/dubboctl/internal/docker/creds/credentials.go:362.39,364.3 1 0
github.com/apache/dubbo-kubernetes/app/dubboctl/internal/docker/creds/credentials.go:365.2,365.18 1 17
github.com/apache/dubbo-kubernetes/app/dubboctl/internal/docker/creds/credentials.go:365.18,367.3 1 15
github.com/apache/dubbo-kubernetes/app/dubboctl/internal/docker/creds/credentials.go:369.2,373.16 4 2
github.com/apache/dubbo-kubernetes/app/dubboctl/internal/docker/creds/credentials.go:373.16,375.3 1 0
github.com/apache/dubbo-kubernetes/app/dubboctl/internal/docker/creds/credentials.go:377.2,377.40 1 2
github.com/apache/dubbo-kubernetes/app/dubboctl/internal/docker/creds/credentials.go:377.40,378.42 1 2
github.com/apache/dubbo-kubernetes/app/dubboctl/internal/docker/creds/credentials.go:378.42,380.18 2 2
github.com/apache/dubbo-kubernetes/app/dubboctl/internal/docker/creds/credentials.go:380.18,382.5 1 0
github.com/apache/dubbo-kubernetes/app/dubboctl/internal/docker/creds/credentials.go:383.4,385.22 3 2
github.com/apache/dubbo-kubernetes/app/dubboctl/internal/docker/creds/credentials.go:389.2,389.131 1 0
github.com/apache/dubbo-kubernetes/app/dubboctl/internal/docker/creds/credentials.go:392.94,395.40 2 8
github.com/apache/dubbo-kubernetes/app/dubboctl/internal/docker/creds/credentials.go:395.40,397.3 1 7
github.com/apache/dubbo-kubernetes/app/dubboctl/internal/docker/creds/credentials.go:398.2,398.16 1 1
github.com/apache/dubbo-kubernetes/app/dubboctl/internal/docker/creds/credentials.go:398.16,400.3 1 0
github.com/apache/dubbo-kubernetes/app/dubboctl/internal/docker/creds/credentials.go:402.2,405.107 3 1
github.com/apache/dubbo-kubernetes/app/dubboctl/internal/docker/creds/credentials.go:408.39,413.26 4 4
github.com/apache/dubbo-kubernetes/app/dubboctl/internal/docker/creds/credentials.go:413.26,415.17 2 78
github.com/apache/dubbo-kubernetes/app/dubboctl/internal/docker/creds/credentials.go:415.17,416.12 1 12
github.com/apache/dubbo-kubernetes/app/dubboctl/internal/docker/creds/credentials.go:418.3,418.26 1 66
github.com/apache/dubbo-kubernetes/app/dubboctl/internal/docker/creds/credentials.go:418.26,419.18 1 6920
github.com/apache/dubbo-kubernetes/app/dubboctl/internal/docker/creds/credentials.go:419.18,420.13 1 8
github.com/apache/dubbo-kubernetes/app/dubboctl/internal/docker/creds/credentials.go:422.4,422.59 1 6912
github.com/apache/dubbo-kubernetes/app/dubboctl/internal/docker/creds/credentials.go:422.59,423.13 1 6896
github.com/apache/dubbo-kubernetes/app/dubboctl/internal/docker/creds/credentials.go:425.4,425.33 1 16
github.com/apache/dubbo-kubernetes/app/dubboctl/internal/docker/creds/credentials.go:425.33,427.39 2 0
github.com/apache/dubbo-kubernetes/app/dubboctl/internal/docker/creds/credentials.go:427.39,428.14 1 0
github.com/apache/dubbo-kubernetes/app/dubboctl/internal/docker/creds/credentials.go:431.4,431.29 1 16
github.com/apache/dubbo-kubernetes/app/dubboctl/internal/docker/creds/credentials.go:434.2,435.25 2 4
github.com/apache/dubbo-kubernetes/app/dubboctl/internal/docker/creds/credentials.go:435.25,437.3 1 16
github.com/apache/dubbo-kubernetes/app/dubboctl/internal/docker/creds/credentials.go:438.2,438.15 1 4
github.com/apache/dubbo-kubernetes/app/dubboctl/internal/docker/creds/credentials.go:441.59,442.40 1 34
github.com/apache/dubbo-kubernetes/app/dubboctl/internal/docker/creds/credentials.go:442.40,445.17 2 23
github.com/apache/dubbo-kubernetes/app/dubboctl/internal/docker/creds/credentials.go:445.17,448.4 2 5
github.com/apache/dubbo-kubernetes/app/dubboctl/internal/docker/creds/credentials.go:449.3,449.35 1 18
github.com/apache/dubbo-kubernetes/app/dubboctl/internal/docker/creds/credentials.go:452.2,453.16 2 29
github.com/apache/dubbo-kubernetes/app/dubboctl/internal/docker/creds/credentials.go:453.16,454.13 1 0
github.com/apache/dubbo-kubernetes/app/dubboctl/internal/docker/creds/credentials.go:456.2,458.8 3 29
github.com/apache/dubbo-kubernetes/app/dubboctl/internal/docker/creds/credentials.go:463.45,467.35 3 17
github.com/apache/dubbo-kubernetes/app/dubboctl/internal/docker/creds/credentials.go:467.35,467.69 1 5
github.com/apache/dubbo-kubernetes/app/dubboctl/internal/docker/creds/credentials.go:469.2,473.24 2 17
github.com/apache/dubbo-kubernetes/app/dubboctl/internal/docker/creds/credentials.go:473.24,475.3 1 12
github.com/apache/dubbo-kubernetes/app/dubboctl/internal/docker/creds/credentials.go:477.2,478.38 1 5
github.com/apache/dubbo-kubernetes/app/dubboctl/internal/docker/creds/credentials.go:478.38,480.3 1 1
github.com/apache/dubbo-kubernetes/app/dubboctl/internal/docker/creds/credentials.go:482.2,482.14 1 4
github.com/apache/dubbo-kubernetes/pkg/webhook/webhook/server.go:47.54,52.2 1 8
github.com/apache/dubbo-kubernetes/pkg/webhook/webhook/server.go:54.55,65.2 4 1
github.com/apache/dubbo-kubernetes/pkg/webhook/webhook/server.go:67.51,70.2 2 1
github.com/apache/dubbo-kubernetes/pkg/webhook/webhook/server.go:73.28,75.16 2 1
github.com/apache/dubbo-kubernetes/pkg/webhook/webhook/server.go:75.16,79.3 2 1
github.com/apache/dubbo-kubernetes/pkg/webhook/webhook/server.go:83.27,84.42 1 1
github.com/apache/dubbo-kubernetes/pkg/webhook/webhook/server.go:84.42,88.3 2 0
github.com/apache/dubbo-kubernetes/pkg/webhook/webhook/server.go:92.72,94.2 1 1
github.com/apache/dubbo-kubernetes/pkg/webhook/webhook/server.go:96.67,98.19 2 7
github.com/apache/dubbo-kubernetes/pkg/webhook/webhook/server.go:98.19,99.50 1 5
github.com/apache/dubbo-kubernetes/pkg/webhook/webhook/server.go:99.50,101.4 1 5
github.com/apache/dubbo-kubernetes/pkg/webhook/webhook/server.go:104.2,108.39 3 7
github.com/apache/dubbo-kubernetes/pkg/webhook/webhook/server.go:108.39,114.3 4 2
github.com/apache/dubbo-kubernetes/pkg/webhook/webhook/server.go:116.2,118.50 3 5
github.com/apache/dubbo-kubernetes/pkg/webhook/webhook/server.go:118.50,130.3 3 1
github.com/apache/dubbo-kubernetes/pkg/webhook/webhook/server.go:130.8,132.17 2 4
github.com/apache/dubbo-kubernetes/pkg/webhook/webhook/server.go:132.17,143.4 2 3
github.com/apache/dubbo-kubernetes/pkg/webhook/webhook/server.go:146.2,154.16 7 5
github.com/apache/dubbo-kubernetes/pkg/webhook/webhook/server.go:154.16,157.3 2 0
github.com/apache/dubbo-kubernetes/pkg/webhook/webhook/server.go:158.2,158.41 1 5
github.com/apache/dubbo-kubernetes/pkg/webhook/webhook/server.go:158.41,161.3 2 0
github.com/apache/dubbo-kubernetes/pkg/webhook/webhook/server.go:164.98,165.23 1 4
github.com/apache/dubbo-kubernetes/pkg/webhook/webhook/server.go:165.23,167.3 1 1
github.com/apache/dubbo-kubernetes/pkg/webhook/webhook/server.go:169.2,176.40 3 3
github.com/apache/dubbo-kubernetes/pkg/webhook/webhook/server.go:176.40,180.3 2 1
github.com/apache/dubbo-kubernetes/pkg/webhook/webhook/server.go:182.2,185.50 3 2
github.com/apache/dubbo-kubernetes/pkg/webhook/webhook/server.go:185.50,189.3 2 0
github.com/apache/dubbo-kubernetes/pkg/webhook/webhook/server.go:191.2,192.16 2 2
github.com/apache/dubbo-kubernetes/pkg/webhook/webhook/server.go:192.16,196.3 2 1
github.com/apache/dubbo-kubernetes/pkg/webhook/webhook/server.go:198.2,206.28 5 1
github.com/apache/dubbo-kubernetes/pkg/webhook/webhook/server.go:209.58,212.22 2 2
github.com/apache/dubbo-kubernetes/pkg/webhook/webhook/server.go:212.22,214.3 1 2
github.com/apache/dubbo-kubernetes/pkg/webhook/webhook/server.go:214.8,216.3 1 0
github.com/apache/dubbo-kubernetes/pkg/webhook/webhook/server.go:218.2,218.35 1 2
github.com/apache/dubbo-kubernetes/pkg/webhook/webhook/server.go:218.35,220.17 2 2
github.com/apache/dubbo-kubernetes/pkg/webhook/webhook/server.go:220.17,222.4 1 1
github.com/apache/dubbo-kubernetes/pkg/webhook/webhook/server.go:223.3,223.16 1 1
github.com/apache/dubbo-kubernetes/pkg/webhook/webhook/server.go:226.2,228.21 2 1
github.com/apache/dubbo-kubernetes/pkg/webhook/webhook/server.go:228.21,230.3 1 1
github.com/apache/dubbo-kubernetes/pkg/webhook/webhook/server.go:230.8,232.3 1 0
github.com/apache/dubbo-kubernetes/pkg/webhook/webhook/server.go:234.2,235.21 2 1
github.com/apache/dubbo-kubernetes/pkg/webhook/webhook/server.go:235.21,237.3 1 0
github.com/apache/dubbo-kubernetes/pkg/webhook/webhook/server.go:239.2,239.28 1 1
